#Build: Fabric Compiler 2020.3-Lite, Build 71107, Mar 15 18:01 2021
#Install: E:\pds\PDS_2020.3-Lite\bin
#Application name: pds_shell.exe
#OS: Windows 10 10.0.19043
#Hostname: LAPTOP-PVU7L9MS
Generated by Fabric Compiler (version 2020.3-Lite build 71107) at Mon Nov  7 22:36:22 2022
Compiling verification operator library.
Loading technology operator library.
Compiling technology operator library.
Compiling technology operator (valence) library.
I: Enable Verilog2k features and keywords
Executing : .rtl_analyze -include_path {E:/fpga/new/Color_Lignt} E:/fpga/new/Color_Lignt/source/ws2812.v
I: Verilog-0001: Analyzing file E:/fpga/new/Color_Lignt/source/ws2812.v
I: Verilog-0002: [E:/fpga/new/Color_Lignt/source/ws2812.v(line number: 1)] Analyzing module ws2812 (library work)
Parsing done.
Executing : .rtl_analyze -include_path {E:/fpga/new/Color_Lignt} E:/fpga/new/Color_Lignt/source/ws2812.v successfully.
Executing : .rtl_analyze -include_path {E:/fpga/new/Color_Lignt} E:/fpga/new/Color_Lignt/source/dvi_encoder.v
I: Verilog-0001: Analyzing file E:/fpga/new/Color_Lignt/source/dvi_encoder.v
I: Verilog-0002: [E:/fpga/new/Color_Lignt/source/dvi_encoder.v(line number: 2)] Analyzing module dvi_encoder (library work)
Parsing done.
Executing : .rtl_analyze -include_path {E:/fpga/new/Color_Lignt} E:/fpga/new/Color_Lignt/source/dvi_encoder.v successfully.
Executing : .rtl_analyze -include_path {E:/fpga/new/Color_Lignt} E:/fpga/new/Color_Lignt/source/i2c_config.v
I: Verilog-0001: Analyzing file E:/fpga/new/Color_Lignt/source/i2c_config.v
I: Verilog-0002: [E:/fpga/new/Color_Lignt/source/i2c_config.v(line number: 30)] Analyzing module i2c_config (library work)
Parsing done.
Executing : .rtl_analyze -include_path {E:/fpga/new/Color_Lignt} E:/fpga/new/Color_Lignt/source/i2c_config.v successfully.
Executing : .rtl_analyze -include_path {E:/fpga/new/Color_Lignt} E:/fpga/new/Color_Lignt/source/lut_hdmi.v
I: Verilog-0001: Analyzing file E:/fpga/new/Color_Lignt/source/lut_hdmi.v
I: Verilog-0002: [E:/fpga/new/Color_Lignt/source/lut_hdmi.v(line number: 1)] Analyzing module lut_hdmi (library work)
Parsing done.
Executing : .rtl_analyze -include_path {E:/fpga/new/Color_Lignt} E:/fpga/new/Color_Lignt/source/lut_hdmi.v successfully.
Executing : .rtl_analyze -include_path {E:/fpga/new/Color_Lignt} E:/fpga/new/Color_Lignt/source/i2c_master_top.v
I: Verilog-0001: Analyzing file E:/fpga/new/Color_Lignt/source/i2c_master_top.v
I: Verilog-0002: [E:/fpga/new/Color_Lignt/source/i2c_master_top.v(line number: 30)] Analyzing module i2c_master_top (library work)
Parsing done.
Executing : .rtl_analyze -include_path {E:/fpga/new/Color_Lignt} E:/fpga/new/Color_Lignt/source/i2c_master_top.v successfully.
Executing : .rtl_analyze -include_path {E:/fpga/new/Color_Lignt} E:/fpga/new/Color_Lignt/source/i2c_master_byte_ctrl.v
I: Verilog-0001: Analyzing file E:/fpga/new/Color_Lignt/source/i2c_master_byte_ctrl.v
I: Verilog-0002: [E:/fpga/new/Color_Lignt/source/i2c_master_byte_ctrl.v(line number: 75)] Analyzing module i2c_master_byte_ctrl (library work)
Parsing done.
Executing : .rtl_analyze -include_path {E:/fpga/new/Color_Lignt} E:/fpga/new/Color_Lignt/source/i2c_master_byte_ctrl.v successfully.
Executing : .rtl_analyze -include_path {E:/fpga/new/Color_Lignt} E:/fpga/new/Color_Lignt/source/i2c_master_bit_ctrl.v
I: Verilog-0001: Analyzing file E:/fpga/new/Color_Lignt/source/i2c_master_bit_ctrl.v
W: Public-4030: File 'E:/fpga/new/Color_Lignt/source/i2c_master_defines.v' has been added. It is skipped.
I: Verilog-0002: [E:/fpga/new/Color_Lignt/source/i2c_master_bit_ctrl.v(line number: 143)] Analyzing module i2c_master_bit_ctrl (library work)
Parsing done.
Executing : .rtl_analyze -include_path {E:/fpga/new/Color_Lignt} E:/fpga/new/Color_Lignt/source/i2c_master_bit_ctrl.v successfully.
Executing : .rtl_analyze -include_path {E:/fpga/new/Color_Lignt} E:/fpga/new/Color_Lignt/source/encode.v
I: Verilog-0001: Analyzing file E:/fpga/new/Color_Lignt/source/encode.v
I: Verilog-0002: [E:/fpga/new/Color_Lignt/source/encode.v(line number: 46)] Analyzing module encode (library work)
Parsing done.
Executing : .rtl_analyze -include_path {E:/fpga/new/Color_Lignt} E:/fpga/new/Color_Lignt/source/encode.v successfully.
Executing : .rtl_analyze -include_path {E:/fpga/new/Color_Lignt} E:/fpga/new/Color_Lignt/source/serdes_4b_10tol.v
I: Verilog-0001: Analyzing file E:/fpga/new/Color_Lignt/source/serdes_4b_10tol.v
I: Verilog-0002: [E:/fpga/new/Color_Lignt/source/serdes_4b_10tol.v(line number: 3)] Analyzing module serdes_4b_10to1 (library work)
Parsing done.
Executing : .rtl_analyze -include_path {E:/fpga/new/Color_Lignt} E:/fpga/new/Color_Lignt/source/serdes_4b_10tol.v successfully.
Executing : .rtl_analyze -include_path {E:/fpga/new/Color_Lignt} E:/fpga/new/Color_Lignt/source/Invert.v
I: Verilog-0001: Analyzing file E:/fpga/new/Color_Lignt/source/Invert.v
I: Verilog-0002: [E:/fpga/new/Color_Lignt/source/Invert.v(line number: 1)] Analyzing module Invert (library work)
Parsing done.
Executing : .rtl_analyze -include_path {E:/fpga/new/Color_Lignt} E:/fpga/new/Color_Lignt/source/Invert.v successfully.
Executing : .rtl_analyze -include_path {E:/fpga/new/Color_Lignt} E:/fpga/new/Color_Lignt/source/rgb_hsv.v
I: Verilog-0001: Analyzing file E:/fpga/new/Color_Lignt/source/rgb_hsv.v
I: Verilog-0002: [E:/fpga/new/Color_Lignt/source/rgb_hsv.v(line number: 1)] Analyzing module rgb_hsv (library work)
Parsing done.
Executing : .rtl_analyze -include_path {E:/fpga/new/Color_Lignt} E:/fpga/new/Color_Lignt/source/rgb_hsv.v successfully.
Executing : .rtl_analyze -include_path {E:/fpga/new/Color_Lignt} E:/fpga/new/Color_Lignt/source/threshold_binary.v
I: Verilog-0001: Analyzing file E:/fpga/new/Color_Lignt/source/threshold_binary.v
I: Verilog-0002: [E:/fpga/new/Color_Lignt/source/threshold_binary.v(line number: 2)] Analyzing module threshold_binary (library work)
Parsing done.
Executing : .rtl_analyze -include_path {E:/fpga/new/Color_Lignt} E:/fpga/new/Color_Lignt/source/threshold_binary.v successfully.
Executing : .rtl_analyze -include_path {E:/fpga/new/Color_Lignt} E:/fpga/new/Color_Lignt/source/HVcount.v
I: Verilog-0001: Analyzing file E:/fpga/new/Color_Lignt/source/HVcount.v
I: Verilog-0002: [E:/fpga/new/Color_Lignt/source/HVcount.v(line number: 3)] Analyzing module HVcount (library work)
Parsing done.
Executing : .rtl_analyze -include_path {E:/fpga/new/Color_Lignt} E:/fpga/new/Color_Lignt/source/HVcount.v successfully.
Executing : .rtl_analyze -include_path {E:/fpga/new/Color_Lignt} E:/fpga/new/Color_Lignt/source/Edge_rgb_dvider_up.v
I: Verilog-0001: Analyzing file E:/fpga/new/Color_Lignt/source/Edge_rgb_dvider_up.v
I: Verilog-0002: [E:/fpga/new/Color_Lignt/source/Edge_rgb_dvider_up.v(line number: 1)] Analyzing module Edge_rgb_dvider_up (library work)
Parsing done.
Executing : .rtl_analyze -include_path {E:/fpga/new/Color_Lignt} E:/fpga/new/Color_Lignt/source/Edge_rgb_dvider_up.v successfully.
Executing : .rtl_analyze -include_path {E:/fpga/new/Color_Lignt} E:/fpga/new/Color_Lignt/source/Edge_rgb_dvider_down.v
I: Verilog-0001: Analyzing file E:/fpga/new/Color_Lignt/source/Edge_rgb_dvider_down.v
I: Verilog-0002: [E:/fpga/new/Color_Lignt/source/Edge_rgb_dvider_down.v(line number: 1)] Analyzing module Edge_rgb_dvider_down (library work)
Parsing done.
Executing : .rtl_analyze -include_path {E:/fpga/new/Color_Lignt} E:/fpga/new/Color_Lignt/source/Edge_rgb_dvider_down.v successfully.
Executing : .rtl_analyze -include_path {E:/fpga/new/Color_Lignt} E:/fpga/new/Color_Lignt/source/Edge_rgb_dvider_left.v
I: Verilog-0001: Analyzing file E:/fpga/new/Color_Lignt/source/Edge_rgb_dvider_left.v
I: Verilog-0002: [E:/fpga/new/Color_Lignt/source/Edge_rgb_dvider_left.v(line number: 2)] Analyzing module Edge_rgb_dvider_left (library work)
Parsing done.
Executing : .rtl_analyze -include_path {E:/fpga/new/Color_Lignt} E:/fpga/new/Color_Lignt/source/Edge_rgb_dvider_left.v successfully.
Executing : .rtl_analyze -include_path {E:/fpga/new/Color_Lignt} E:/fpga/new/Color_Lignt/source/Edge_rgb_dvider_right.v
I: Verilog-0001: Analyzing file E:/fpga/new/Color_Lignt/source/Edge_rgb_dvider_right.v
I: Verilog-0002: [E:/fpga/new/Color_Lignt/source/Edge_rgb_dvider_right.v(line number: 1)] Analyzing module Edge_rgb_dvider_right (library work)
Parsing done.
Executing : .rtl_analyze -include_path {E:/fpga/new/Color_Lignt} E:/fpga/new/Color_Lignt/source/Edge_rgb_dvider_right.v successfully.
Executing : .rtl_analyze -include_path {E:/fpga/new/Color_Lignt} E:/fpga/new/Color_Lignt/source/Light_Driver_86.v
I: Verilog-0001: Analyzing file E:/fpga/new/Color_Lignt/source/Light_Driver_86.v
I: Verilog-0002: [E:/fpga/new/Color_Lignt/source/Light_Driver_86.v(line number: 1)] Analyzing module Light_Driver_86 (library work)
Parsing done.
Executing : .rtl_analyze -include_path {E:/fpga/new/Color_Lignt} E:/fpga/new/Color_Lignt/source/Light_Driver_86.v successfully.
Executing : .rtl_analyze -include_path {E:/fpga/new/Color_Lignt} E:/fpga/new/Color_Lignt/source/Light_Driver_50.v
I: Verilog-0001: Analyzing file E:/fpga/new/Color_Lignt/source/Light_Driver_50.v
I: Verilog-0002: [E:/fpga/new/Color_Lignt/source/Light_Driver_50.v(line number: 1)] Analyzing module Light_Driver_50 (library work)
Parsing done.
Executing : .rtl_analyze -include_path {E:/fpga/new/Color_Lignt} E:/fpga/new/Color_Lignt/source/Light_Driver_50.v successfully.
W: Public-4030: File 'E:/fpga/new/Color_Lignt/source/i2c_master_defines.v' has been added. It is skipped.
Executing : .rtl_analyze -include_path {E:/fpga/new/Color_Lignt} E:/fpga/new/Color_Lignt/source/i2c_master_defines.v
I: Verilog-0001: Analyzing file E:/fpga/new/Color_Lignt/source/i2c_master_defines.v
Parsing done.
Executing : .rtl_analyze -include_path {E:/fpga/new/Color_Lignt} E:/fpga/new/Color_Lignt/source/i2c_master_defines.v successfully.
Executing : .rtl_analyze -include_path {E:/fpga/new/Color_Lignt} E:/fpga/new/Color_Lignt/ipcore/clk_generate/clk_generate.v
I: Verilog-0001: Analyzing file E:/fpga/new/Color_Lignt/ipcore/clk_generate/clk_generate.v
I: Verilog-0002: [E:/fpga/new/Color_Lignt/ipcore/clk_generate/clk_generate.v(line number: 20)] Analyzing module clk_generate (library work)
Parsing done.
Executing : .rtl_analyze -include_path {E:/fpga/new/Color_Lignt} E:/fpga/new/Color_Lignt/ipcore/clk_generate/clk_generate.v successfully.
Start rtl-elaborate.
I: Module "ws2812" is set as top module.
I: Verilog-0003: [E:/fpga/new/Color_Lignt/source/ws2812.v(line number: 1)] Elaborating module ws2812
I: Verilog-0003: [E:/pds/PDS_2020.3-Lite/arch/vendor/pango/library/operator/gtp_lib.v(line number: 395)] Elaborating module GTP_CLKBUFG
I: Verilog-0003: [E:/fpga/new/Color_Lignt/ipcore/clk_generate/clk_generate.v(line number: 20)] Elaborating module clk_generate
I: Verilog-0003: [E:/pds/PDS_2020.3-Lite/arch/vendor/pango/library/operator/gtp_lib.v(line number: 19818)] Elaborating module GTP_PLL_E1
W: Verilog-2021: [E:/fpga/new/Color_Lignt/ipcore/clk_generate/clk_generate.v(line number: 120)] Net clkfb in module clk_generate does not have a driver, tie it to 0
W: Verilog-2021: [E:/fpga/new/Color_Lignt/ipcore/clk_generate/clk_generate.v(line number: 123)] Net pfden in module clk_generate does not have a driver, tie it to 0
W: Verilog-2021: [E:/fpga/new/Color_Lignt/ipcore/clk_generate/clk_generate.v(line number: 124)] Net clkout0_gate in module clk_generate does not have a driver, tie it to 0
W: Verilog-2021: [E:/fpga/new/Color_Lignt/ipcore/clk_generate/clk_generate.v(line number: 125)] Net clkout0_2pad_gate in module clk_generate does not have a driver, tie it to 0
W: Verilog-2021: [E:/fpga/new/Color_Lignt/ipcore/clk_generate/clk_generate.v(line number: 126)] Net clkout1_gate in module clk_generate does not have a driver, tie it to 0
W: Verilog-2021: [E:/fpga/new/Color_Lignt/ipcore/clk_generate/clk_generate.v(line number: 127)] Net clkout2_gate in module clk_generate does not have a driver, tie it to 0
W: Verilog-2021: [E:/fpga/new/Color_Lignt/ipcore/clk_generate/clk_generate.v(line number: 128)] Net clkout3_gate in module clk_generate does not have a driver, tie it to 0
W: Verilog-2021: [E:/fpga/new/Color_Lignt/ipcore/clk_generate/clk_generate.v(line number: 129)] Net clkout4_gate in module clk_generate does not have a driver, tie it to 0
W: Verilog-2021: [E:/fpga/new/Color_Lignt/ipcore/clk_generate/clk_generate.v(line number: 130)] Net clkout5_gate in module clk_generate does not have a driver, tie it to 0
W: Verilog-2021: [E:/fpga/new/Color_Lignt/ipcore/clk_generate/clk_generate.v(line number: 131)] Net dyn_idiv in module clk_generate does not have a driver, tie it to 0
W: Verilog-2021: [E:/fpga/new/Color_Lignt/ipcore/clk_generate/clk_generate.v(line number: 132)] Net dyn_odiv0 in module clk_generate does not have a driver, tie it to 0
W: Verilog-2021: [E:/fpga/new/Color_Lignt/ipcore/clk_generate/clk_generate.v(line number: 133)] Net dyn_odiv1 in module clk_generate does not have a driver, tie it to 0
W: Verilog-2021: [E:/fpga/new/Color_Lignt/ipcore/clk_generate/clk_generate.v(line number: 134)] Net dyn_odiv2 in module clk_generate does not have a driver, tie it to 0
W: Verilog-2021: [E:/fpga/new/Color_Lignt/ipcore/clk_generate/clk_generate.v(line number: 135)] Net dyn_odiv3 in module clk_generate does not have a driver, tie it to 0
W: Verilog-2021: [E:/fpga/new/Color_Lignt/ipcore/clk_generate/clk_generate.v(line number: 136)] Net dyn_odiv4 in module clk_generate does not have a driver, tie it to 0
W: Verilog-2021: [E:/fpga/new/Color_Lignt/ipcore/clk_generate/clk_generate.v(line number: 137)] Net dyn_fdiv in module clk_generate does not have a driver, tie it to 0
W: Verilog-2021: [E:/fpga/new/Color_Lignt/ipcore/clk_generate/clk_generate.v(line number: 138)] Net dyn_duty0 in module clk_generate does not have a driver, tie it to 0
W: Verilog-2021: [E:/fpga/new/Color_Lignt/ipcore/clk_generate/clk_generate.v(line number: 139)] Net dyn_duty1 in module clk_generate does not have a driver, tie it to 0
W: Verilog-2021: [E:/fpga/new/Color_Lignt/ipcore/clk_generate/clk_generate.v(line number: 140)] Net dyn_duty2 in module clk_generate does not have a driver, tie it to 0
W: Verilog-2021: [E:/fpga/new/Color_Lignt/ipcore/clk_generate/clk_generate.v(line number: 141)] Net dyn_duty3 in module clk_generate does not have a driver, tie it to 0
W: Verilog-2021: [E:/fpga/new/Color_Lignt/ipcore/clk_generate/clk_generate.v(line number: 142)] Net dyn_duty4 in module clk_generate does not have a driver, tie it to 0
W: Verilog-2020: [E:/fpga/new/Color_Lignt/ipcore/clk_generate/clk_generate.v(line number: 143)] Net dyn_phase0[0] in module clk_generate does not have a driver, tie it to 0
W: Verilog-2020: [E:/fpga/new/Color_Lignt/ipcore/clk_generate/clk_generate.v(line number: 143)] Net dyn_phase0[1] in module clk_generate does not have a driver, tie it to 0
W: Verilog-2020: [E:/fpga/new/Color_Lignt/ipcore/clk_generate/clk_generate.v(line number: 143)] Net dyn_phase0[2] in module clk_generate does not have a driver, tie it to 0
W: Verilog-2020: [E:/fpga/new/Color_Lignt/ipcore/clk_generate/clk_generate.v(line number: 143)] Net dyn_phase0[3] in module clk_generate does not have a driver, tie it to 0
W: Verilog-2020: [E:/fpga/new/Color_Lignt/ipcore/clk_generate/clk_generate.v(line number: 143)] Net dyn_phase0[4] in module clk_generate does not have a driver, tie it to 0
W: Verilog-2020: [E:/fpga/new/Color_Lignt/ipcore/clk_generate/clk_generate.v(line number: 143)] Net dyn_phase0[5] in module clk_generate does not have a driver, tie it to 0
W: Verilog-2020: [E:/fpga/new/Color_Lignt/ipcore/clk_generate/clk_generate.v(line number: 143)] Net dyn_phase0[6] in module clk_generate does not have a driver, tie it to 0
W: Verilog-2020: [E:/fpga/new/Color_Lignt/ipcore/clk_generate/clk_generate.v(line number: 143)] Net dyn_phase0[7] in module clk_generate does not have a driver, tie it to 0
W: Verilog-2020: [E:/fpga/new/Color_Lignt/ipcore/clk_generate/clk_generate.v(line number: 143)] Net dyn_phase0[8] in module clk_generate does not have a driver, tie it to 0
W: Verilog-2020: [E:/fpga/new/Color_Lignt/ipcore/clk_generate/clk_generate.v(line number: 143)] Net dyn_phase0[9] in module clk_generate does not have a driver, tie it to 0
W: Verilog-2020: [E:/fpga/new/Color_Lignt/ipcore/clk_generate/clk_generate.v(line number: 143)] Net dyn_phase0[10] in module clk_generate does not have a driver, tie it to 0
W: Verilog-2020: [E:/fpga/new/Color_Lignt/ipcore/clk_generate/clk_generate.v(line number: 143)] Net dyn_phase0[11] in module clk_generate does not have a driver, tie it to 0
W: Verilog-2020: [E:/fpga/new/Color_Lignt/ipcore/clk_generate/clk_generate.v(line number: 143)] Net dyn_phase0[12] in module clk_generate does not have a driver, tie it to 0
W: Verilog-2020: [E:/fpga/new/Color_Lignt/ipcore/clk_generate/clk_generate.v(line number: 144)] Net dyn_phase1[0] in module clk_generate does not have a driver, tie it to 0
W: Verilog-2020: [E:/fpga/new/Color_Lignt/ipcore/clk_generate/clk_generate.v(line number: 144)] Net dyn_phase1[1] in module clk_generate does not have a driver, tie it to 0
W: Verilog-2020: [E:/fpga/new/Color_Lignt/ipcore/clk_generate/clk_generate.v(line number: 144)] Net dyn_phase1[2] in module clk_generate does not have a driver, tie it to 0
W: Verilog-2020: [E:/fpga/new/Color_Lignt/ipcore/clk_generate/clk_generate.v(line number: 144)] Net dyn_phase1[3] in module clk_generate does not have a driver, tie it to 0
W: Verilog-2020: [E:/fpga/new/Color_Lignt/ipcore/clk_generate/clk_generate.v(line number: 144)] Net dyn_phase1[4] in module clk_generate does not have a driver, tie it to 0
W: Verilog-2020: [E:/fpga/new/Color_Lignt/ipcore/clk_generate/clk_generate.v(line number: 144)] Net dyn_phase1[5] in module clk_generate does not have a driver, tie it to 0
W: Verilog-2020: [E:/fpga/new/Color_Lignt/ipcore/clk_generate/clk_generate.v(line number: 144)] Net dyn_phase1[6] in module clk_generate does not have a driver, tie it to 0
W: Verilog-2020: [E:/fpga/new/Color_Lignt/ipcore/clk_generate/clk_generate.v(line number: 144)] Net dyn_phase1[7] in module clk_generate does not have a driver, tie it to 0
W: Verilog-2020: [E:/fpga/new/Color_Lignt/ipcore/clk_generate/clk_generate.v(line number: 144)] Net dyn_phase1[8] in module clk_generate does not have a driver, tie it to 0
W: Verilog-2020: [E:/fpga/new/Color_Lignt/ipcore/clk_generate/clk_generate.v(line number: 144)] Net dyn_phase1[9] in module clk_generate does not have a driver, tie it to 0
W: Verilog-2020: [E:/fpga/new/Color_Lignt/ipcore/clk_generate/clk_generate.v(line number: 144)] Net dyn_phase1[10] in module clk_generate does not have a driver, tie it to 0
W: Verilog-2020: [E:/fpga/new/Color_Lignt/ipcore/clk_generate/clk_generate.v(line number: 144)] Net dyn_phase1[11] in module clk_generate does not have a driver, tie it to 0
W: Verilog-2020: [E:/fpga/new/Color_Lignt/ipcore/clk_generate/clk_generate.v(line number: 144)] Net dyn_phase1[12] in module clk_generate does not have a driver, tie it to 0
W: Verilog-2020: [E:/fpga/new/Color_Lignt/ipcore/clk_generate/clk_generate.v(line number: 145)] Net dyn_phase2[0] in module clk_generate does not have a driver, tie it to 0
W: Verilog-2020: [E:/fpga/new/Color_Lignt/ipcore/clk_generate/clk_generate.v(line number: 145)] Net dyn_phase2[1] in module clk_generate does not have a driver, tie it to 0
W: Verilog-2020: [E:/fpga/new/Color_Lignt/ipcore/clk_generate/clk_generate.v(line number: 145)] Net dyn_phase2[2] in module clk_generate does not have a driver, tie it to 0
W: Verilog-2020: [E:/fpga/new/Color_Lignt/ipcore/clk_generate/clk_generate.v(line number: 145)] Net dyn_phase2[3] in module clk_generate does not have a driver, tie it to 0
W: Verilog-2020: [E:/fpga/new/Color_Lignt/ipcore/clk_generate/clk_generate.v(line number: 145)] Net dyn_phase2[4] in module clk_generate does not have a driver, tie it to 0
W: Verilog-2020: [E:/fpga/new/Color_Lignt/ipcore/clk_generate/clk_generate.v(line number: 145)] Net dyn_phase2[5] in module clk_generate does not have a driver, tie it to 0
W: Verilog-2020: [E:/fpga/new/Color_Lignt/ipcore/clk_generate/clk_generate.v(line number: 145)] Net dyn_phase2[6] in module clk_generate does not have a driver, tie it to 0
W: Verilog-2020: [E:/fpga/new/Color_Lignt/ipcore/clk_generate/clk_generate.v(line number: 145)] Net dyn_phase2[7] in module clk_generate does not have a driver, tie it to 0
W: Verilog-2020: [E:/fpga/new/Color_Lignt/ipcore/clk_generate/clk_generate.v(line number: 145)] Net dyn_phase2[8] in module clk_generate does not have a driver, tie it to 0
W: Verilog-2020: [E:/fpga/new/Color_Lignt/ipcore/clk_generate/clk_generate.v(line number: 145)] Net dyn_phase2[9] in module clk_generate does not have a driver, tie it to 0
W: Verilog-2020: [E:/fpga/new/Color_Lignt/ipcore/clk_generate/clk_generate.v(line number: 145)] Net dyn_phase2[10] in module clk_generate does not have a driver, tie it to 0
W: Verilog-2020: [E:/fpga/new/Color_Lignt/ipcore/clk_generate/clk_generate.v(line number: 145)] Net dyn_phase2[11] in module clk_generate does not have a driver, tie it to 0
W: Verilog-2020: [E:/fpga/new/Color_Lignt/ipcore/clk_generate/clk_generate.v(line number: 145)] Net dyn_phase2[12] in module clk_generate does not have a driver, tie it to 0
W: Verilog-2020: [E:/fpga/new/Color_Lignt/ipcore/clk_generate/clk_generate.v(line number: 146)] Net dyn_phase3[0] in module clk_generate does not have a driver, tie it to 0
W: Verilog-2020: [E:/fpga/new/Color_Lignt/ipcore/clk_generate/clk_generate.v(line number: 146)] Net dyn_phase3[1] in module clk_generate does not have a driver, tie it to 0
W: Verilog-2020: [E:/fpga/new/Color_Lignt/ipcore/clk_generate/clk_generate.v(line number: 146)] Net dyn_phase3[2] in module clk_generate does not have a driver, tie it to 0
W: Verilog-2020: [E:/fpga/new/Color_Lignt/ipcore/clk_generate/clk_generate.v(line number: 146)] Net dyn_phase3[3] in module clk_generate does not have a driver, tie it to 0
W: Verilog-2020: [E:/fpga/new/Color_Lignt/ipcore/clk_generate/clk_generate.v(line number: 146)] Net dyn_phase3[4] in module clk_generate does not have a driver, tie it to 0
W: Verilog-2020: [E:/fpga/new/Color_Lignt/ipcore/clk_generate/clk_generate.v(line number: 146)] Net dyn_phase3[5] in module clk_generate does not have a driver, tie it to 0
W: Verilog-2020: [E:/fpga/new/Color_Lignt/ipcore/clk_generate/clk_generate.v(line number: 146)] Net dyn_phase3[6] in module clk_generate does not have a driver, tie it to 0
W: Verilog-2020: [E:/fpga/new/Color_Lignt/ipcore/clk_generate/clk_generate.v(line number: 146)] Net dyn_phase3[7] in module clk_generate does not have a driver, tie it to 0
W: Verilog-2020: [E:/fpga/new/Color_Lignt/ipcore/clk_generate/clk_generate.v(line number: 146)] Net dyn_phase3[8] in module clk_generate does not have a driver, tie it to 0
W: Verilog-2020: [E:/fpga/new/Color_Lignt/ipcore/clk_generate/clk_generate.v(line number: 146)] Net dyn_phase3[9] in module clk_generate does not have a driver, tie it to 0
W: Verilog-2020: [E:/fpga/new/Color_Lignt/ipcore/clk_generate/clk_generate.v(line number: 146)] Net dyn_phase3[10] in module clk_generate does not have a driver, tie it to 0
W: Verilog-2020: [E:/fpga/new/Color_Lignt/ipcore/clk_generate/clk_generate.v(line number: 146)] Net dyn_phase3[11] in module clk_generate does not have a driver, tie it to 0
W: Verilog-2020: [E:/fpga/new/Color_Lignt/ipcore/clk_generate/clk_generate.v(line number: 146)] Net dyn_phase3[12] in module clk_generate does not have a driver, tie it to 0
W: Verilog-2020: [E:/fpga/new/Color_Lignt/ipcore/clk_generate/clk_generate.v(line number: 147)] Net dyn_phase4[0] in module clk_generate does not have a driver, tie it to 0
W: Verilog-2020: [E:/fpga/new/Color_Lignt/ipcore/clk_generate/clk_generate.v(line number: 147)] Net dyn_phase4[1] in module clk_generate does not have a driver, tie it to 0
W: Verilog-2020: [E:/fpga/new/Color_Lignt/ipcore/clk_generate/clk_generate.v(line number: 147)] Net dyn_phase4[2] in module clk_generate does not have a driver, tie it to 0
W: Verilog-2020: [E:/fpga/new/Color_Lignt/ipcore/clk_generate/clk_generate.v(line number: 147)] Net dyn_phase4[3] in module clk_generate does not have a driver, tie it to 0
W: Verilog-2020: [E:/fpga/new/Color_Lignt/ipcore/clk_generate/clk_generate.v(line number: 147)] Net dyn_phase4[4] in module clk_generate does not have a driver, tie it to 0
W: Verilog-2020: [E:/fpga/new/Color_Lignt/ipcore/clk_generate/clk_generate.v(line number: 147)] Net dyn_phase4[5] in module clk_generate does not have a driver, tie it to 0
W: Verilog-2020: [E:/fpga/new/Color_Lignt/ipcore/clk_generate/clk_generate.v(line number: 147)] Net dyn_phase4[6] in module clk_generate does not have a driver, tie it to 0
W: Verilog-2020: [E:/fpga/new/Color_Lignt/ipcore/clk_generate/clk_generate.v(line number: 147)] Net dyn_phase4[7] in module clk_generate does not have a driver, tie it to 0
W: Verilog-2020: [E:/fpga/new/Color_Lignt/ipcore/clk_generate/clk_generate.v(line number: 147)] Net dyn_phase4[8] in module clk_generate does not have a driver, tie it to 0
W: Verilog-2020: [E:/fpga/new/Color_Lignt/ipcore/clk_generate/clk_generate.v(line number: 147)] Net dyn_phase4[9] in module clk_generate does not have a driver, tie it to 0
W: Verilog-2020: [E:/fpga/new/Color_Lignt/ipcore/clk_generate/clk_generate.v(line number: 147)] Net dyn_phase4[10] in module clk_generate does not have a driver, tie it to 0
W: Verilog-2020: [E:/fpga/new/Color_Lignt/ipcore/clk_generate/clk_generate.v(line number: 147)] Net dyn_phase4[11] in module clk_generate does not have a driver, tie it to 0
W: Verilog-2020: [E:/fpga/new/Color_Lignt/ipcore/clk_generate/clk_generate.v(line number: 147)] Net dyn_phase4[12] in module clk_generate does not have a driver, tie it to 0
W: Verilog-2021: [E:/fpga/new/Color_Lignt/ipcore/clk_generate/clk_generate.v(line number: 151)] Net icp_base in module clk_generate does not have a driver, tie it to 0
W: Verilog-2021: [E:/fpga/new/Color_Lignt/ipcore/clk_generate/clk_generate.v(line number: 152)] Net icp_sel in module clk_generate does not have a driver, tie it to 0
W: Verilog-2021: [E:/fpga/new/Color_Lignt/ipcore/clk_generate/clk_generate.v(line number: 153)] Net lpfres_sel in module clk_generate does not have a driver, tie it to 0
W: Verilog-2021: [E:/fpga/new/Color_Lignt/ipcore/clk_generate/clk_generate.v(line number: 154)] Net cripple_sel in module clk_generate does not have a driver, tie it to 0
W: Verilog-2021: [E:/fpga/new/Color_Lignt/ipcore/clk_generate/clk_generate.v(line number: 155)] Net phase_sel in module clk_generate does not have a driver, tie it to 0
W: Verilog-2021: [E:/fpga/new/Color_Lignt/ipcore/clk_generate/clk_generate.v(line number: 156)] Net phase_dir in module clk_generate does not have a driver, tie it to 0
W: Verilog-2021: [E:/fpga/new/Color_Lignt/ipcore/clk_generate/clk_generate.v(line number: 157)] Net phase_step_n in module clk_generate does not have a driver, tie it to 0
W: Verilog-2021: [E:/fpga/new/Color_Lignt/ipcore/clk_generate/clk_generate.v(line number: 158)] Net load_phase in module clk_generate does not have a driver, tie it to 0
W: Verilog-2021: [E:/fpga/new/Color_Lignt/ipcore/clk_generate/clk_generate.v(line number: 159)] Net dyn_mdiv in module clk_generate does not have a driver, tie it to 0
I: Verilog-0003: [E:/fpga/new/Color_Lignt/source/Invert.v(line number: 1)] Elaborating module Invert
I: Verilog-0003: [E:/fpga/new/Color_Lignt/source/rgb_hsv.v(line number: 1)] Elaborating module rgb_hsv
I: Verilog-0003: [E:/fpga/new/Color_Lignt/source/threshold_binary.v(line number: 2)] Elaborating module threshold_binary
W: Verilog-2019: [E:/fpga/new/Color_Lignt/source/Invert.v(line number: 59)] Width mismatch between port black_data and signal bound to it for instantiated module threshold_binary
I: Verilog-0003: [E:/fpga/new/Color_Lignt/source/HVcount.v(line number: 3)] Elaborating module HVcount
I: Verilog-0003: [E:/fpga/new/Color_Lignt/source/Edge_rgb_dvider_up.v(line number: 1)] Elaborating module Edge_rgb_dvider_up
I: Verilog-0003: [E:/fpga/new/Color_Lignt/source/Edge_rgb_dvider_down.v(line number: 1)] Elaborating module Edge_rgb_dvider_down
I: Verilog-0003: [E:/fpga/new/Color_Lignt/source/Edge_rgb_dvider_left.v(line number: 2)] Elaborating module Edge_rgb_dvider_left
I: Verilog-0003: [E:/fpga/new/Color_Lignt/source/Edge_rgb_dvider_right.v(line number: 1)] Elaborating module Edge_rgb_dvider_right
I: Verilog-0003: [E:/fpga/new/Color_Lignt/source/Light_Driver_86.v(line number: 1)] Elaborating module Light_Driver_86
W: [E:/fpga/new/Color_Lignt/source/Light_Driver_86.v(line number: 189)] The index 86 is out of declared range.
I: Verilog-0003: [E:/fpga/new/Color_Lignt/source/Light_Driver_86.v(line number: 1)] Elaborating module Light_Driver_86
I: Verilog-0003: [E:/fpga/new/Color_Lignt/source/Light_Driver_50.v(line number: 1)] Elaborating module Light_Driver_50
I: Verilog-0003: [E:/fpga/new/Color_Lignt/source/Light_Driver_50.v(line number: 1)] Elaborating module Light_Driver_50
W: Verilog-2036: [E:/fpga/new/Color_Lignt/source/Invert.v(line number: 75)] Net o_ycbcr connected to input port of module instance has no driver, tie it to 0
W: Verilog-2021: [E:/fpga/new/Color_Lignt/source/Invert.v(line number: 25)] Net o_rgb in module Invert does not have a driver, tie it to 0
W: Verilog-2021: [E:/fpga/new/Color_Lignt/source/Invert.v(line number: 27)] Net o_ycbcr_y in module Invert does not have a driver, tie it to 0
W: Verilog-2021: [E:/fpga/new/Color_Lignt/source/Invert.v(line number: 28)] Net o_hsync in module Invert does not have a driver, tie it to 0
W: Verilog-2021: [E:/fpga/new/Color_Lignt/source/Invert.v(line number: 29)] Net o_vsync in module Invert does not have a driver, tie it to 0
W: Verilog-2021: [E:/fpga/new/Color_Lignt/source/Invert.v(line number: 30)] Net o_de in module Invert does not have a driver, tie it to 0
W: Verilog-2021: [E:/fpga/new/Color_Lignt/source/Invert.v(line number: 84)] Net pos_image_data in module Invert does not have a driver, tie it to 0
I: Verilog-0003: [E:/fpga/new/Color_Lignt/source/dvi_encoder.v(line number: 2)] Elaborating module dvi_encoder
I: Verilog-0003: [E:/fpga/new/Color_Lignt/source/encode.v(line number: 46)] Elaborating module encode
I: Verilog-0003: [E:/fpga/new/Color_Lignt/source/encode.v(line number: 46)] Elaborating module encode
I: Verilog-0003: [E:/fpga/new/Color_Lignt/source/encode.v(line number: 46)] Elaborating module encode
I: Verilog-0003: [E:/fpga/new/Color_Lignt/source/serdes_4b_10tol.v(line number: 3)] Elaborating module serdes_4b_10to1
I: Verilog-0003: [E:/pds/PDS_2020.3-Lite/arch/vendor/pango/library/operator/gtp_lib.v(line number: 18517)] Elaborating module GTP_OSERDES
I: Verilog-0003: [E:/pds/PDS_2020.3-Lite/arch/vendor/pango/library/operator/gtp_lib.v(line number: 18630)] Elaborating module GTP_OUTBUFT
I: Verilog-0003: [E:/fpga/new/Color_Lignt/source/i2c_config.v(line number: 30)] Elaborating module i2c_config
I: Verilog-0003: [E:/fpga/new/Color_Lignt/source/i2c_master_top.v(line number: 30)] Elaborating module i2c_master_top
I: Verilog-0003: [E:/fpga/new/Color_Lignt/source/i2c_master_byte_ctrl.v(line number: 75)] Elaborating module i2c_master_byte_ctrl
W: Sdm-2008: The attribute named enum_state is not legal, then it has no effect, ignore its value.
I: Verilog-0003: [E:/fpga/new/Color_Lignt/source/i2c_master_bit_ctrl.v(line number: 143)] Elaborating module i2c_master_bit_ctrl
W: Sdm-2008: The attribute named enum_state is not legal, then it has no effect, ignore its value.
W: Directive full_case is effective
W: Directive full_case is effective
W: Verilog-2036: [E:/fpga/new/Color_Lignt/source/i2c_config.v(line number: 130)] Net i2c_read_req connected to input port of module instance has no driver, tie it to 0
I: Verilog-0003: [E:/fpga/new/Color_Lignt/source/lut_hdmi.v(line number: 1)] Elaborating module lut_hdmi
W: Verilog-2021: [E:/fpga/new/Color_Lignt/source/ws2812.v(line number: 79)] Net o_ycbcr in module ws2812 does not have a driver, tie it to 0
Executing : rtl-elaborate successfully.
Start rtl-prep.
Executing : rtl-prep successfully.
Start rtl-infer.
W: Sdm-2003: [E:/fpga/new/Color_Lignt/source/Light_Driver_86.v(line number: 103)] The net 'LED_M[0]' in ws2812.Invert_m0.LED_up is un-driven.
W: Sdm-2004: [E:/fpga/new/Color_Lignt/source/Light_Driver_86.v(line number: 207)] Latch is generated for signal led_count_n, possible missing assignment in an if or case statement.
W: Sdm-2003: [E:/fpga/new/Color_Lignt/source/Light_Driver_50.v(line number: 67)] The net 'LED_M[0]' in ws2812.Invert_m0.LED_left is un-driven.
W: Sdm-2003: [E:/fpga/new/Color_Lignt/source/Light_Driver_50.v(line number: 67)] The net 'LED_M[51]' in ws2812.Invert_m0.LED_left is un-driven.
W: Sdm-2003: [E:/fpga/new/Color_Lignt/source/Light_Driver_50.v(line number: 67)] The net 'LED_M[52]' in ws2812.Invert_m0.LED_left is un-driven.
W: Sdm-2003: [E:/fpga/new/Color_Lignt/source/Light_Driver_50.v(line number: 67)] The net 'LED_M[53]' in ws2812.Invert_m0.LED_left is un-driven.
W: Sdm-2003: [E:/fpga/new/Color_Lignt/source/Light_Driver_50.v(line number: 67)] The net 'LED_M[54]' in ws2812.Invert_m0.LED_left is un-driven.
W: Sdm-2003: [E:/fpga/new/Color_Lignt/source/Light_Driver_50.v(line number: 67)] The net 'LED_M[55]' in ws2812.Invert_m0.LED_left is un-driven.
W: Sdm-2003: [E:/fpga/new/Color_Lignt/source/Light_Driver_50.v(line number: 67)] The net 'LED_M[56]' in ws2812.Invert_m0.LED_left is un-driven.
W: Sdm-2003: [E:/fpga/new/Color_Lignt/source/Light_Driver_50.v(line number: 67)] The net 'LED_M[57]' in ws2812.Invert_m0.LED_left is un-driven.
W: Sdm-2003: [E:/fpga/new/Color_Lignt/source/Light_Driver_50.v(line number: 67)] The net 'LED_M[58]' in ws2812.Invert_m0.LED_left is un-driven.
W: Sdm-2003: [E:/fpga/new/Color_Lignt/source/Light_Driver_50.v(line number: 67)] The net 'LED_M[59]' in ws2812.Invert_m0.LED_left is un-driven.
W: Sdm-2003: [E:/fpga/new/Color_Lignt/source/Light_Driver_50.v(line number: 67)] The net 'LED_M[60]' in ws2812.Invert_m0.LED_left is un-driven.
W: Sdm-2003: [E:/fpga/new/Color_Lignt/source/Light_Driver_50.v(line number: 67)] The net 'LED_M[61]' in ws2812.Invert_m0.LED_left is un-driven.
W: Sdm-2003: [E:/fpga/new/Color_Lignt/source/Light_Driver_50.v(line number: 67)] The net 'LED_M[62]' in ws2812.Invert_m0.LED_left is un-driven.
W: Sdm-2003: [E:/fpga/new/Color_Lignt/source/Light_Driver_50.v(line number: 67)] The net 'LED_M[63]' in ws2812.Invert_m0.LED_left is un-driven.
W: Sdm-2003: [E:/fpga/new/Color_Lignt/source/Light_Driver_50.v(line number: 67)] The net 'LED_M[64]' in ws2812.Invert_m0.LED_left is un-driven.
W: Sdm-2003: [E:/fpga/new/Color_Lignt/source/Light_Driver_50.v(line number: 67)] The net 'LED_M[65]' in ws2812.Invert_m0.LED_left is un-driven.
W: Sdm-2003: [E:/fpga/new/Color_Lignt/source/Light_Driver_50.v(line number: 67)] The net 'LED_M[66]' in ws2812.Invert_m0.LED_left is un-driven.
W: Sdm-2003: [E:/fpga/new/Color_Lignt/source/Light_Driver_50.v(line number: 67)] The net 'LED_M[67]' in ws2812.Invert_m0.LED_left is un-driven.
W: Sdm-2003: [E:/fpga/new/Color_Lignt/source/Light_Driver_50.v(line number: 67)] The net 'LED_M[68]' in ws2812.Invert_m0.LED_left is un-driven.
W: Sdm-2003: [E:/fpga/new/Color_Lignt/source/Light_Driver_50.v(line number: 67)] The net 'LED_M[69]' in ws2812.Invert_m0.LED_left is un-driven.
W: Sdm-2003: [E:/fpga/new/Color_Lignt/source/Light_Driver_50.v(line number: 67)] The net 'LED_M[70]' in ws2812.Invert_m0.LED_left is un-driven.
W: Sdm-2003: [E:/fpga/new/Color_Lignt/source/Light_Driver_50.v(line number: 67)] The net 'LED_M[71]' in ws2812.Invert_m0.LED_left is un-driven.
W: Sdm-2003: [E:/fpga/new/Color_Lignt/source/Light_Driver_50.v(line number: 67)] The net 'LED_M[72]' in ws2812.Invert_m0.LED_left is un-driven.
W: Sdm-2003: [E:/fpga/new/Color_Lignt/source/Light_Driver_50.v(line number: 67)] The net 'LED_M[73]' in ws2812.Invert_m0.LED_left is un-driven.
W: Sdm-2003: [E:/fpga/new/Color_Lignt/source/Light_Driver_50.v(line number: 67)] The net 'LED_M[74]' in ws2812.Invert_m0.LED_left is un-driven.
W: Sdm-2003: [E:/fpga/new/Color_Lignt/source/Light_Driver_50.v(line number: 67)] The net 'LED_M[75]' in ws2812.Invert_m0.LED_left is un-driven.
W: Sdm-2003: [E:/fpga/new/Color_Lignt/source/Light_Driver_50.v(line number: 67)] The net 'LED_M[76]' in ws2812.Invert_m0.LED_left is un-driven.
W: Sdm-2003: [E:/fpga/new/Color_Lignt/source/Light_Driver_50.v(line number: 67)] The net 'LED_M[77]' in ws2812.Invert_m0.LED_left is un-driven.
W: Sdm-2003: [E:/fpga/new/Color_Lignt/source/Light_Driver_50.v(line number: 67)] The net 'LED_M[78]' in ws2812.Invert_m0.LED_left is un-driven.
W: Sdm-2003: [E:/fpga/new/Color_Lignt/source/Light_Driver_50.v(line number: 67)] The net 'LED_M[79]' in ws2812.Invert_m0.LED_left is un-driven.
W: Sdm-2003: [E:/fpga/new/Color_Lignt/source/Light_Driver_50.v(line number: 67)] The net 'LED_M[80]' in ws2812.Invert_m0.LED_left is un-driven.
W: Sdm-2003: [E:/fpga/new/Color_Lignt/source/Light_Driver_50.v(line number: 67)] The net 'LED_M[81]' in ws2812.Invert_m0.LED_left is un-driven.
W: Sdm-2003: [E:/fpga/new/Color_Lignt/source/Light_Driver_50.v(line number: 67)] The net 'LED_M[82]' in ws2812.Invert_m0.LED_left is un-driven.
W: Sdm-2003: [E:/fpga/new/Color_Lignt/source/Light_Driver_50.v(line number: 67)] The net 'LED_M[83]' in ws2812.Invert_m0.LED_left is un-driven.
W: Sdm-2003: [E:/fpga/new/Color_Lignt/source/Light_Driver_50.v(line number: 67)] The net 'LED_M[84]' in ws2812.Invert_m0.LED_left is un-driven.
W: Sdm-2003: [E:/fpga/new/Color_Lignt/source/Light_Driver_50.v(line number: 67)] The net 'LED_M[85]' in ws2812.Invert_m0.LED_left is un-driven.
W: Sdm-2004: [E:/fpga/new/Color_Lignt/source/Light_Driver_50.v(line number: 135)] Latch is generated for signal led_count_n, possible missing assignment in an if or case statement.
Executing : rtl-infer successfully.
Start rtl-control-opt.
Executing : rtl-control-opt successfully.
Start rtl-data-opt.
Executing : rtl-data-opt successfully.
Start FSM inference.
I: FSM state[15:0]_fsm[15:0] inferred.
I: FSM state[15:0]_fsm[15:0] inferred.
I: FSM state[2:0]_fsm[2:0] inferred.
I: FSM c_state[4:0]_fsm[4:0] inferred.
I: FSM c_state[17:0]_fsm[17:0] inferred.
Executing : FSM inference successfully.
Start sdm2adm.
I: Constant propagation done on N99 (bmsWIDEMUX).
I: Constant propagation done on N27[0] (bmsWIDEMUX).
I: Constant propagation done on N27[1] (bmsWIDEMUX).
I: Constant propagation done on N27[2] (bmsWIDEMUX).
I: Constant propagation done on N27[3] (bmsWIDEMUX).
I: Constant propagation done on N27[4] (bmsWIDEMUX).
I: Constant propagation done on N27[5] (bmsWIDEMUX).
I: Constant propagation done on N27[6] (bmsWIDEMUX).
I: Constant propagation done on N27[7] (bmsWIDEMUX).
I: Constant propagation done on N27[8] (bmsWIDEMUX).
Executing : sdm2adm successfully.
Saving design to DB.
Action compile: Real time elapsed is 8.000 sec
Action compile: CPU time elapsed is 7.188 sec
Current time: Mon Nov  7 22:36:27 2022
Action compile: Peak memory pool usage is 145,858,560 bytes
