#Build: Fabric Compiler 2020.3-Lite, Build 71107, Mar 15 17:59 2021
#Install: E:\pds\PDS_2020.3-Lite\bin
#Application name: pds.exe
#OS: Windows 10 10.0.19043
#Hostname: LAPTOP-PVU7L9MS
Generated by Fabric Compiler (version 2020.3-Lite build 71107) at Tue Nov  8 14:35:23 2022
Compiling architecture definition.
Compiling architecture definition.
Analyzing project file 'E:/fpga/new/Color_Lignt/Color_Light.pds'.
Compiling verification operator library.
Loading technology operator library.
Compiling technology operator library.
Compiling technology operator (valence) library.
Reading design from translate DB.
Saving design to DB.
Compiling verification operator library.
Compiling common defs.
Compiling technology operator (valence) library.
Compiling prim grid devices.
Compiling prim grid device symbols.
Compiling gate devices.
Compiling gate operators.
Compiling tech operator impls.
Building architecture model.
Loading device packaging model 'MBG324'.
Building architecture floorplan logic view.
Building architecture floorplan schematic view.
Open UCE successfully.
