[INFO][2022-11-09 16:36:17] [17156] - [d:\wf\3lite\output_files\pds_pro\fab_develop\branches\pds_2020.3_no_license\source\sw\cdt\jtagserver\main.cpp:50] : /***************************Start jtagserver***************************/
[INFO][2022-11-09 16:36:17] [17156] - [d:\wf\3lite\output_files\pds_pro\fab_develop\branches\pds_2020.3_no_license\source\sw\cdt\jtagserver\main.cpp:51] : Path: D:/PDS2020_install/PDS_2020.3-Lite/bin
[INFO][2022-11-09 16:36:17] [17156] - [d:\wf\3lite\output_files\pds_pro\fab_develop\branches\pds_2020.3_no_license\source\sw\cdt\jtagserver\main.cpp:52] : Version: 71107
[DEBUG][2022-11-09 16:36:18] [17156] - [d:\wf\3lite\output_files\pds_pro\fab_develop\branches\pds_2020.3_no_license\source\sw\cdt\jtagserver\jsjtagserver.cpp:168] : Add a new user_thread, socket descriptor is 1092 user_thread id is 0000000000004304
[DEBUG][2022-11-09 16:36:18] [17156] - [d:\wf\3lite\output_files\pds_pro\fab_develop\branches\pds_2020.3_no_license\source\sw\cdt\jtagserver\jsjtagserver.cpp:169] : After adding, map size is : 1
[DEBUG][2022-11-09 16:36:18] [17156] - [d:\wf\3lite\output_files\pds_pro\fab_develop\branches\pds_2020.3_no_license\source\sw\cdt\jtagserver\jsjtagserver.cpp:168] : Add a new user_thread, socket descriptor is 1284 user_thread id is 0000000000004304
[DEBUG][2022-11-09 16:36:18] [17156] - [d:\wf\3lite\output_files\pds_pro\fab_develop\branches\pds_2020.3_no_license\source\sw\cdt\jtagserver\jsjtagserver.cpp:169] : After adding, map size is : 2
[DEBUG][2022-11-09 16:36:18] [3812] - [d:\wf\3lite\output_files\pds_pro\fab_develop\branches\pds_2020.3_no_license\source\sw\cdt\jtagserver\jsconnectionthread.cpp:104] : IP address of connecting client is : ::ffff:127.0.0.1
[DEBUG][2022-11-09 16:36:18] [14528] - [d:\wf\3lite\output_files\pds_pro\fab_develop\branches\pds_2020.3_no_license\source\sw\cdt\jtagserver\jsconnectionthread.cpp:104] : IP address of connecting client is : ::ffff:127.0.0.1
[DEBUG][2022-11-09 16:36:18] [3812] - [d:\wf\3lite\output_files\pds_pro\fab_develop\branches\pds_2020.3_no_license\source\sw\cdt\jtagserver\jsconnectionthread.cpp:650] : Remove the header data from the client, index : 0
[DEBUG][2022-11-09 16:36:18] [3812] - [d:\wf\3lite\output_files\pds_pro\fab_develop\branches\pds_2020.3_no_license\source\sw\cdt\jtagserver\jsconnectionthread.cpp:701] : _total_bytes_size : 156
[DEBUG][2022-11-09 16:36:18] [3812] - [d:\wf\3lite\output_files\pds_pro\fab_develop\branches\pds_2020.3_no_license\source\sw\cdt\jtagserver\jsconnectionthread.cpp:650] : Remove the header data from the client, index : 0
[DEBUG][2022-11-09 16:36:18] [3812] - [d:\wf\3lite\output_files\pds_pro\fab_develop\branches\pds_2020.3_no_license\source\sw\cdt\jtagserver\jsconnectionthread.cpp:701] : _total_bytes_size : 96
[DEBUG][2022-11-09 16:36:18] [3812] - [d:\wf\3lite\output_files\pds_pro\fab_develop\branches\pds_2020.3_no_license\source\sw\cdt\jtagserver\jsconnectionthread.cpp:368] : cmd id :40010cmd name : get_cable_paras
[DEBUG][2022-11-09 16:36:18] [3812] - [d:\wf\3lite\output_files\pds_pro\fab_develop\branches\pds_2020.3_no_license\source\sw\cdt\jtagserver\jsjtagserver.cpp:144] : cmd operation get_cable_paras releases locker
[DEBUG][2022-11-09 16:36:18] [3812] - [d:\wf\3lite\output_files\pds_pro\fab_develop\branches\pds_2020.3_no_license\source\sw\cdt\jtagserver\jsconnectionthread.cpp:650] : Remove the header data from the client, index : 0
[DEBUG][2022-11-09 16:36:18] [3812] - [d:\wf\3lite\output_files\pds_pro\fab_develop\branches\pds_2020.3_no_license\source\sw\cdt\jtagserver\jsconnectionthread.cpp:701] : _total_bytes_size : 100
[DEBUG][2022-11-09 16:36:18] [3812] - [d:\wf\3lite\output_files\pds_pro\fab_develop\branches\pds_2020.3_no_license\source\sw\cdt\jtagserver\jsconnectionthread.cpp:368] : cmd id :20001cmd name : Open config cable
[DEBUG][2022-11-09 16:36:19] [3812] - [d:\wf\3lite\output_files\pds_pro\fab_develop\branches\pds_2020.3_no_license\source\sw\cdt\jtagserver\jsmanagerbase.cpp:262] : the idcode from the scanning is: 0x10303899
[DEBUG][2022-11-09 16:36:19] [3812] - [d:\wf\3lite\output_files\pds_pro\fab_develop\branches\pds_2020.3_no_license\source\sw\cdt\jtagserver\jsmanagerbase.cpp:262] : the idcode from the scanning is: 0x0
[DEBUG][2022-11-09 16:36:19] [3812] - [d:\wf\3lite\output_files\pds_pro\fab_develop\branches\pds_2020.3_no_license\source\sw\cdt\jtagserver\jsmanagerbase.cpp:262] : the idcode from the scanning is: 0x0
[DEBUG][2022-11-09 16:36:19] [3812] - [d:\wf\3lite\output_files\pds_pro\fab_develop\branches\pds_2020.3_no_license\source\sw\cdt\jtagserver\jsmanagerbase.cpp:262] : the idcode from the scanning is: 0x0
[DEBUG][2022-11-09 16:36:19] [3812] - [d:\wf\3lite\output_files\pds_pro\fab_develop\branches\pds_2020.3_no_license\source\sw\cdt\jtagserver\jsmanagerbase.cpp:262] : the idcode from the scanning is: 0x0
[DEBUG][2022-11-09 16:36:19] [3812] - [d:\wf\3lite\output_files\pds_pro\fab_develop\branches\pds_2020.3_no_license\source\sw\cdt\jtagserver\jsdevicepango.cpp:1209] : begin to read back config registerregAddr is 9
[DEBUG][2022-11-09 16:36:19] [3812] - [d:\wf\3lite\output_files\pds_pro\fab_develop\branches\pds_2020.3_no_license\source\sw\cdt\jtagserver\jsjtagserver.cpp:144] : cmd operation Open config cable releases locker
[DEBUG][2022-11-09 16:36:22] [3812] - [d:\wf\3lite\output_files\pds_pro\fab_develop\branches\pds_2020.3_no_license\source\sw\cdt\jtagserver\jsconnectionthread.cpp:650] : Remove the header data from the client, index : 0
[DEBUG][2022-11-09 16:36:22] [3812] - [d:\wf\3lite\output_files\pds_pro\fab_develop\branches\pds_2020.3_no_license\source\sw\cdt\jtagserver\jsconnectionthread.cpp:701] : _total_bytes_size : 714
[DEBUG][2022-11-09 16:36:22] [3812] - [d:\wf\3lite\output_files\pds_pro\fab_develop\branches\pds_2020.3_no_license\source\sw\cdt\jtagserver\jsconnectionthread.cpp:368] : cmd id :20002cmd name : Program
[DEBUG][2022-11-09 16:36:22] [3812] - [d:\wf\3lite\output_files\pds_pro\fab_develop\branches\pds_2020.3_no_license\source\sw\cdt\jtagserver\jsmanagerbase.cpp:262] : the idcode from the scanning is: 0x10303899
[DEBUG][2022-11-09 16:36:22] [3812] - [d:\wf\3lite\output_files\pds_pro\fab_develop\branches\pds_2020.3_no_license\source\sw\cdt\jtagserver\jsmanagerbase.cpp:262] : the idcode from the scanning is: 0x0
[DEBUG][2022-11-09 16:36:22] [3812] - [d:\wf\3lite\output_files\pds_pro\fab_develop\branches\pds_2020.3_no_license\source\sw\cdt\jtagserver\jsmanagerbase.cpp:262] : the idcode from the scanning is: 0x0
[DEBUG][2022-11-09 16:36:22] [3812] - [d:\wf\3lite\output_files\pds_pro\fab_develop\branches\pds_2020.3_no_license\source\sw\cdt\jtagserver\jsmanagerbase.cpp:262] : the idcode from the scanning is: 0x0
[DEBUG][2022-11-09 16:36:22] [3812] - [d:\wf\3lite\output_files\pds_pro\fab_develop\branches\pds_2020.3_no_license\source\sw\cdt\jtagserver\jsmanagerbase.cpp:262] : the idcode from the scanning is: 0x0
[DEBUG][2022-11-09 16:36:22] [3812] - [d:\wf\3lite\output_files\pds_pro\fab_develop\branches\pds_2020.3_no_license\source\sw\cdt\jtagserver\jsdevicepango.cpp:1209] : begin to read back config registerregAddr is 4
[DEBUG][2022-11-09 16:36:22] [3812] - [d:\wf\3lite\output_files\pds_pro\fab_develop\branches\pds_2020.3_no_license\source\sw\cdt\jtagserver\jsconnectionthread.cpp:603] : progress bar is 6
[DEBUG][2022-11-09 16:36:22] [3812] - [d:\wf\3lite\output_files\pds_pro\fab_develop\branches\pds_2020.3_no_license\source\sw\cdt\jtagserver\jsconnectionthread.cpp:603] : progress bar is 10
[DEBUG][2022-11-09 16:36:22] [3812] - [d:\wf\3lite\output_files\pds_pro\fab_develop\branches\pds_2020.3_no_license\source\sw\cdt\jtagserver\jsconnectionthread.cpp:603] : progress bar is 15
[DEBUG][2022-11-09 16:36:22] [3812] - [d:\wf\3lite\output_files\pds_pro\fab_develop\branches\pds_2020.3_no_license\source\sw\cdt\jtagserver\jsconnectionthread.cpp:603] : progress bar is 20
[DEBUG][2022-11-09 16:36:22] [3812] - [d:\wf\3lite\output_files\pds_pro\fab_develop\branches\pds_2020.3_no_license\source\sw\cdt\jtagserver\jsconnectionthread.cpp:603] : progress bar is 25
[DEBUG][2022-11-09 16:36:22] [3812] - [d:\wf\3lite\output_files\pds_pro\fab_develop\branches\pds_2020.3_no_license\source\sw\cdt\jtagserver\jsconnectionthread.cpp:603] : progress bar is 30
[DEBUG][2022-11-09 16:36:22] [3812] - [d:\wf\3lite\output_files\pds_pro\fab_develop\branches\pds_2020.3_no_license\source\sw\cdt\jtagserver\jsconnectionthread.cpp:603] : progress bar is 35
[DEBUG][2022-11-09 16:36:22] [3812] - [d:\wf\3lite\output_files\pds_pro\fab_develop\branches\pds_2020.3_no_license\source\sw\cdt\jtagserver\jsconnectionthread.cpp:603] : progress bar is 40
[DEBUG][2022-11-09 16:36:22] [3812] - [d:\wf\3lite\output_files\pds_pro\fab_develop\branches\pds_2020.3_no_license\source\sw\cdt\jtagserver\jsconnectionthread.cpp:603] : progress bar is 45
[DEBUG][2022-11-09 16:36:22] [3812] - [d:\wf\3lite\output_files\pds_pro\fab_develop\branches\pds_2020.3_no_license\source\sw\cdt\jtagserver\jsconnectionthread.cpp:603] : progress bar is 50
[DEBUG][2022-11-09 16:36:22] [3812] - [d:\wf\3lite\output_files\pds_pro\fab_develop\branches\pds_2020.3_no_license\source\sw\cdt\jtagserver\jsconnectionthread.cpp:603] : progress bar is 55
[DEBUG][2022-11-09 16:36:22] [3812] - [d:\wf\3lite\output_files\pds_pro\fab_develop\branches\pds_2020.3_no_license\source\sw\cdt\jtagserver\jsconnectionthread.cpp:603] : progress bar is 60
[DEBUG][2022-11-09 16:36:22] [3812] - [d:\wf\3lite\output_files\pds_pro\fab_develop\branches\pds_2020.3_no_license\source\sw\cdt\jtagserver\jsconnectionthread.cpp:603] : progress bar is 65
[DEBUG][2022-11-09 16:36:22] [3812] - [d:\wf\3lite\output_files\pds_pro\fab_develop\branches\pds_2020.3_no_license\source\sw\cdt\jtagserver\jsconnectionthread.cpp:603] : progress bar is 70
[DEBUG][2022-11-09 16:36:22] [3812] - [d:\wf\3lite\output_files\pds_pro\fab_develop\branches\pds_2020.3_no_license\source\sw\cdt\jtagserver\jsconnectionthread.cpp:603] : progress bar is 75
[DEBUG][2022-11-09 16:36:23] [3812] - [d:\wf\3lite\output_files\pds_pro\fab_develop\branches\pds_2020.3_no_license\source\sw\cdt\jtagserver\jsconnectionthread.cpp:603] : progress bar is 80
[DEBUG][2022-11-09 16:36:23] [3812] - [d:\wf\3lite\output_files\pds_pro\fab_develop\branches\pds_2020.3_no_license\source\sw\cdt\jtagserver\jsconnectionthread.cpp:603] : progress bar is 85
[DEBUG][2022-11-09 16:36:23] [3812] - [d:\wf\3lite\output_files\pds_pro\fab_develop\branches\pds_2020.3_no_license\source\sw\cdt\jtagserver\jsconnectionthread.cpp:603] : progress bar is 90
[DEBUG][2022-11-09 16:36:23] [3812] - [d:\wf\3lite\output_files\pds_pro\fab_develop\branches\pds_2020.3_no_license\source\sw\cdt\jtagserver\jsconnectionthread.cpp:603] : progress bar is 95
[DEBUG][2022-11-09 16:36:23] [3812] - [d:\wf\3lite\output_files\pds_pro\fab_develop\branches\pds_2020.3_no_license\source\sw\cdt\jtagserver\jsconnectionthread.cpp:603] : progress bar is 100
[DEBUG][2022-11-09 16:36:23] [3812] - [d:\wf\3lite\output_files\pds_pro\fab_develop\branches\pds_2020.3_no_license\source\sw\cdt\jtagserver\jsdevicepango.cpp:1209] : begin to read back config registerregAddr is 9
[DEBUG][2022-11-09 16:36:23] [3812] - [d:\wf\3lite\output_files\pds_pro\fab_develop\branches\pds_2020.3_no_license\source\sw\cdt\jtagserver\jsdevicepango.cpp:629] : the value in the status register is :4193440
[DEBUG][2022-11-09 16:36:23] [3812] - [d:\wf\3lite\output_files\pds_pro\fab_develop\branches\pds_2020.3_no_license\source\sw\cdt\jtagserver\jsdevicepango.cpp:1209] : begin to read back config registerregAddr is 9
[DEBUG][2022-11-09 16:36:23] [3812] - [d:\wf\3lite\output_files\pds_pro\fab_develop\branches\pds_2020.3_no_license\source\sw\cdt\jtagserver\jsjtagserver.cpp:144] : cmd operation Program releases locker
[DEBUG][2022-11-09 16:37:09] [3812] - [d:\wf\3lite\output_files\pds_pro\fab_develop\branches\pds_2020.3_no_license\source\sw\cdt\jtagserver\jsconnectionthread.cpp:650] : Remove the header data from the client, index : 0
[DEBUG][2022-11-09 16:37:09] [3812] - [d:\wf\3lite\output_files\pds_pro\fab_develop\branches\pds_2020.3_no_license\source\sw\cdt\jtagserver\jsconnectionthread.cpp:701] : _total_bytes_size : 714
[DEBUG][2022-11-09 16:37:09] [3812] - [d:\wf\3lite\output_files\pds_pro\fab_develop\branches\pds_2020.3_no_license\source\sw\cdt\jtagserver\jsconnectionthread.cpp:368] : cmd id :20002cmd name : Program
[DEBUG][2022-11-09 16:37:09] [3812] - [d:\wf\3lite\output_files\pds_pro\fab_develop\branches\pds_2020.3_no_license\source\sw\cdt\jtagserver\jsmanagerbase.cpp:262] : the idcode from the scanning is: 0x10303899
[DEBUG][2022-11-09 16:37:09] [3812] - [d:\wf\3lite\output_files\pds_pro\fab_develop\branches\pds_2020.3_no_license\source\sw\cdt\jtagserver\jsmanagerbase.cpp:262] : the idcode from the scanning is: 0x0
[DEBUG][2022-11-09 16:37:09] [3812] - [d:\wf\3lite\output_files\pds_pro\fab_develop\branches\pds_2020.3_no_license\source\sw\cdt\jtagserver\jsmanagerbase.cpp:262] : the idcode from the scanning is: 0x0
[DEBUG][2022-11-09 16:37:09] [3812] - [d:\wf\3lite\output_files\pds_pro\fab_develop\branches\pds_2020.3_no_license\source\sw\cdt\jtagserver\jsmanagerbase.cpp:262] : the idcode from the scanning is: 0x0
[DEBUG][2022-11-09 16:37:09] [3812] - [d:\wf\3lite\output_files\pds_pro\fab_develop\branches\pds_2020.3_no_license\source\sw\cdt\jtagserver\jsmanagerbase.cpp:262] : the idcode from the scanning is: 0x0
[DEBUG][2022-11-09 16:37:09] [3812] - [d:\wf\3lite\output_files\pds_pro\fab_develop\branches\pds_2020.3_no_license\source\sw\cdt\jtagserver\jsdevicepango.cpp:1209] : begin to read back config registerregAddr is 4
[DEBUG][2022-11-09 16:37:09] [3812] - [d:\wf\3lite\output_files\pds_pro\fab_develop\branches\pds_2020.3_no_license\source\sw\cdt\jtagserver\jsconnectionthread.cpp:603] : progress bar is 6
[DEBUG][2022-11-09 16:37:09] [3812] - [d:\wf\3lite\output_files\pds_pro\fab_develop\branches\pds_2020.3_no_license\source\sw\cdt\jtagserver\jsconnectionthread.cpp:603] : progress bar is 10
[DEBUG][2022-11-09 16:37:09] [3812] - [d:\wf\3lite\output_files\pds_pro\fab_develop\branches\pds_2020.3_no_license\source\sw\cdt\jtagserver\jsconnectionthread.cpp:603] : progress bar is 15
[DEBUG][2022-11-09 16:37:09] [3812] - [d:\wf\3lite\output_files\pds_pro\fab_develop\branches\pds_2020.3_no_license\source\sw\cdt\jtagserver\jsconnectionthread.cpp:603] : progress bar is 20
[DEBUG][2022-11-09 16:37:09] [3812] - [d:\wf\3lite\output_files\pds_pro\fab_develop\branches\pds_2020.3_no_license\source\sw\cdt\jtagserver\jsconnectionthread.cpp:603] : progress bar is 25
[DEBUG][2022-11-09 16:37:09] [3812] - [d:\wf\3lite\output_files\pds_pro\fab_develop\branches\pds_2020.3_no_license\source\sw\cdt\jtagserver\jsconnectionthread.cpp:603] : progress bar is 30
[DEBUG][2022-11-09 16:37:09] [3812] - [d:\wf\3lite\output_files\pds_pro\fab_develop\branches\pds_2020.3_no_license\source\sw\cdt\jtagserver\jsconnectionthread.cpp:603] : progress bar is 35
[DEBUG][2022-11-09 16:37:09] [3812] - [d:\wf\3lite\output_files\pds_pro\fab_develop\branches\pds_2020.3_no_license\source\sw\cdt\jtagserver\jsconnectionthread.cpp:603] : progress bar is 40
[DEBUG][2022-11-09 16:37:09] [3812] - [d:\wf\3lite\output_files\pds_pro\fab_develop\branches\pds_2020.3_no_license\source\sw\cdt\jtagserver\jsconnectionthread.cpp:603] : progress bar is 45
[DEBUG][2022-11-09 16:37:09] [3812] - [d:\wf\3lite\output_files\pds_pro\fab_develop\branches\pds_2020.3_no_license\source\sw\cdt\jtagserver\jsconnectionthread.cpp:603] : progress bar is 50
[DEBUG][2022-11-09 16:37:09] [3812] - [d:\wf\3lite\output_files\pds_pro\fab_develop\branches\pds_2020.3_no_license\source\sw\cdt\jtagserver\jsconnectionthread.cpp:603] : progress bar is 55
[DEBUG][2022-11-09 16:37:09] [3812] - [d:\wf\3lite\output_files\pds_pro\fab_develop\branches\pds_2020.3_no_license\source\sw\cdt\jtagserver\jsconnectionthread.cpp:603] : progress bar is 60
[DEBUG][2022-11-09 16:37:09] [3812] - [d:\wf\3lite\output_files\pds_pro\fab_develop\branches\pds_2020.3_no_license\source\sw\cdt\jtagserver\jsconnectionthread.cpp:603] : progress bar is 65
[DEBUG][2022-11-09 16:37:09] [3812] - [d:\wf\3lite\output_files\pds_pro\fab_develop\branches\pds_2020.3_no_license\source\sw\cdt\jtagserver\jsconnectionthread.cpp:603] : progress bar is 70
[DEBUG][2022-11-09 16:37:09] [3812] - [d:\wf\3lite\output_files\pds_pro\fab_develop\branches\pds_2020.3_no_license\source\sw\cdt\jtagserver\jsconnectionthread.cpp:603] : progress bar is 75
[DEBUG][2022-11-09 16:37:09] [3812] - [d:\wf\3lite\output_files\pds_pro\fab_develop\branches\pds_2020.3_no_license\source\sw\cdt\jtagserver\jsconnectionthread.cpp:603] : progress bar is 80
[DEBUG][2022-11-09 16:37:09] [3812] - [d:\wf\3lite\output_files\pds_pro\fab_develop\branches\pds_2020.3_no_license\source\sw\cdt\jtagserver\jsconnectionthread.cpp:603] : progress bar is 85
[DEBUG][2022-11-09 16:37:09] [3812] - [d:\wf\3lite\output_files\pds_pro\fab_develop\branches\pds_2020.3_no_license\source\sw\cdt\jtagserver\jsconnectionthread.cpp:603] : progress bar is 90
[DEBUG][2022-11-09 16:37:09] [3812] - [d:\wf\3lite\output_files\pds_pro\fab_develop\branches\pds_2020.3_no_license\source\sw\cdt\jtagserver\jsconnectionthread.cpp:603] : progress bar is 95
[DEBUG][2022-11-09 16:37:09] [3812] - [d:\wf\3lite\output_files\pds_pro\fab_develop\branches\pds_2020.3_no_license\source\sw\cdt\jtagserver\jsconnectionthread.cpp:603] : progress bar is 100
[DEBUG][2022-11-09 16:37:09] [3812] - [d:\wf\3lite\output_files\pds_pro\fab_develop\branches\pds_2020.3_no_license\source\sw\cdt\jtagserver\jsdevicepango.cpp:1209] : begin to read back config registerregAddr is 9
[DEBUG][2022-11-09 16:37:09] [3812] - [d:\wf\3lite\output_files\pds_pro\fab_develop\branches\pds_2020.3_no_license\source\sw\cdt\jtagserver\jsdevicepango.cpp:629] : the value in the status register is :4193440
[DEBUG][2022-11-09 16:37:09] [3812] - [d:\wf\3lite\output_files\pds_pro\fab_develop\branches\pds_2020.3_no_license\source\sw\cdt\jtagserver\jsdevicepango.cpp:1209] : begin to read back config registerregAddr is 9
[DEBUG][2022-11-09 16:37:09] [3812] - [d:\wf\3lite\output_files\pds_pro\fab_develop\branches\pds_2020.3_no_license\source\sw\cdt\jtagserver\jsjtagserver.cpp:144] : cmd operation Program releases locker
[DEBUG][2022-11-09 16:39:01] [3812] - [d:\wf\3lite\output_files\pds_pro\fab_develop\branches\pds_2020.3_no_license\source\sw\cdt\jtagserver\jsconnectionthread.cpp:650] : Remove the header data from the client, index : 0
[DEBUG][2022-11-09 16:39:01] [3812] - [d:\wf\3lite\output_files\pds_pro\fab_develop\branches\pds_2020.3_no_license\source\sw\cdt\jtagserver\jsconnectionthread.cpp:701] : _total_bytes_size : 714
[DEBUG][2022-11-09 16:39:01] [3812] - [d:\wf\3lite\output_files\pds_pro\fab_develop\branches\pds_2020.3_no_license\source\sw\cdt\jtagserver\jsconnectionthread.cpp:368] : cmd id :20002cmd name : Program
[DEBUG][2022-11-09 16:39:02] [3812] - [d:\wf\3lite\output_files\pds_pro\fab_develop\branches\pds_2020.3_no_license\source\sw\cdt\jtagserver\jsmanagerbase.cpp:262] : the idcode from the scanning is: 0x10303899
[DEBUG][2022-11-09 16:39:02] [3812] - [d:\wf\3lite\output_files\pds_pro\fab_develop\branches\pds_2020.3_no_license\source\sw\cdt\jtagserver\jsmanagerbase.cpp:262] : the idcode from the scanning is: 0x0
[DEBUG][2022-11-09 16:39:02] [3812] - [d:\wf\3lite\output_files\pds_pro\fab_develop\branches\pds_2020.3_no_license\source\sw\cdt\jtagserver\jsmanagerbase.cpp:262] : the idcode from the scanning is: 0x0
[DEBUG][2022-11-09 16:39:02] [3812] - [d:\wf\3lite\output_files\pds_pro\fab_develop\branches\pds_2020.3_no_license\source\sw\cdt\jtagserver\jsmanagerbase.cpp:262] : the idcode from the scanning is: 0x0
[DEBUG][2022-11-09 16:39:02] [3812] - [d:\wf\3lite\output_files\pds_pro\fab_develop\branches\pds_2020.3_no_license\source\sw\cdt\jtagserver\jsmanagerbase.cpp:262] : the idcode from the scanning is: 0x0
[DEBUG][2022-11-09 16:39:02] [3812] - [d:\wf\3lite\output_files\pds_pro\fab_develop\branches\pds_2020.3_no_license\source\sw\cdt\jtagserver\jsdevicepango.cpp:1209] : begin to read back config registerregAddr is 4
[DEBUG][2022-11-09 16:39:02] [3812] - [d:\wf\3lite\output_files\pds_pro\fab_develop\branches\pds_2020.3_no_license\source\sw\cdt\jtagserver\jsconnectionthread.cpp:603] : progress bar is 6
[DEBUG][2022-11-09 16:39:02] [3812] - [d:\wf\3lite\output_files\pds_pro\fab_develop\branches\pds_2020.3_no_license\source\sw\cdt\jtagserver\jsconnectionthread.cpp:603] : progress bar is 10
[DEBUG][2022-11-09 16:39:02] [3812] - [d:\wf\3lite\output_files\pds_pro\fab_develop\branches\pds_2020.3_no_license\source\sw\cdt\jtagserver\jsconnectionthread.cpp:603] : progress bar is 15
[DEBUG][2022-11-09 16:39:02] [3812] - [d:\wf\3lite\output_files\pds_pro\fab_develop\branches\pds_2020.3_no_license\source\sw\cdt\jtagserver\jsconnectionthread.cpp:603] : progress bar is 20
[DEBUG][2022-11-09 16:39:02] [3812] - [d:\wf\3lite\output_files\pds_pro\fab_develop\branches\pds_2020.3_no_license\source\sw\cdt\jtagserver\jsconnectionthread.cpp:603] : progress bar is 25
[DEBUG][2022-11-09 16:39:02] [3812] - [d:\wf\3lite\output_files\pds_pro\fab_develop\branches\pds_2020.3_no_license\source\sw\cdt\jtagserver\jsconnectionthread.cpp:603] : progress bar is 30
[DEBUG][2022-11-09 16:39:02] [3812] - [d:\wf\3lite\output_files\pds_pro\fab_develop\branches\pds_2020.3_no_license\source\sw\cdt\jtagserver\jsconnectionthread.cpp:603] : progress bar is 35
[DEBUG][2022-11-09 16:39:02] [3812] - [d:\wf\3lite\output_files\pds_pro\fab_develop\branches\pds_2020.3_no_license\source\sw\cdt\jtagserver\jsconnectionthread.cpp:603] : progress bar is 40
[DEBUG][2022-11-09 16:39:02] [3812] - [d:\wf\3lite\output_files\pds_pro\fab_develop\branches\pds_2020.3_no_license\source\sw\cdt\jtagserver\jsconnectionthread.cpp:603] : progress bar is 45
[DEBUG][2022-11-09 16:39:02] [3812] - [d:\wf\3lite\output_files\pds_pro\fab_develop\branches\pds_2020.3_no_license\source\sw\cdt\jtagserver\jsconnectionthread.cpp:603] : progress bar is 50
[DEBUG][2022-11-09 16:39:02] [3812] - [d:\wf\3lite\output_files\pds_pro\fab_develop\branches\pds_2020.3_no_license\source\sw\cdt\jtagserver\jsconnectionthread.cpp:603] : progress bar is 55
[DEBUG][2022-11-09 16:39:02] [3812] - [d:\wf\3lite\output_files\pds_pro\fab_develop\branches\pds_2020.3_no_license\source\sw\cdt\jtagserver\jsconnectionthread.cpp:603] : progress bar is 60
[DEBUG][2022-11-09 16:39:02] [3812] - [d:\wf\3lite\output_files\pds_pro\fab_develop\branches\pds_2020.3_no_license\source\sw\cdt\jtagserver\jsconnectionthread.cpp:603] : progress bar is 65
[DEBUG][2022-11-09 16:39:02] [3812] - [d:\wf\3lite\output_files\pds_pro\fab_develop\branches\pds_2020.3_no_license\source\sw\cdt\jtagserver\jsconnectionthread.cpp:603] : progress bar is 70
[DEBUG][2022-11-09 16:39:02] [3812] - [d:\wf\3lite\output_files\pds_pro\fab_develop\branches\pds_2020.3_no_license\source\sw\cdt\jtagserver\jsconnectionthread.cpp:603] : progress bar is 75
[DEBUG][2022-11-09 16:39:02] [3812] - [d:\wf\3lite\output_files\pds_pro\fab_develop\branches\pds_2020.3_no_license\source\sw\cdt\jtagserver\jsconnectionthread.cpp:603] : progress bar is 80
[DEBUG][2022-11-09 16:39:02] [3812] - [d:\wf\3lite\output_files\pds_pro\fab_develop\branches\pds_2020.3_no_license\source\sw\cdt\jtagserver\jsconnectionthread.cpp:603] : progress bar is 85
[DEBUG][2022-11-09 16:39:02] [3812] - [d:\wf\3lite\output_files\pds_pro\fab_develop\branches\pds_2020.3_no_license\source\sw\cdt\jtagserver\jsconnectionthread.cpp:603] : progress bar is 90
[DEBUG][2022-11-09 16:39:02] [3812] - [d:\wf\3lite\output_files\pds_pro\fab_develop\branches\pds_2020.3_no_license\source\sw\cdt\jtagserver\jsconnectionthread.cpp:603] : progress bar is 95
[DEBUG][2022-11-09 16:39:02] [3812] - [d:\wf\3lite\output_files\pds_pro\fab_develop\branches\pds_2020.3_no_license\source\sw\cdt\jtagserver\jsconnectionthread.cpp:603] : progress bar is 100
[DEBUG][2022-11-09 16:39:02] [3812] - [d:\wf\3lite\output_files\pds_pro\fab_develop\branches\pds_2020.3_no_license\source\sw\cdt\jtagserver\jsdevicepango.cpp:1209] : begin to read back config registerregAddr is 9
[DEBUG][2022-11-09 16:39:02] [3812] - [d:\wf\3lite\output_files\pds_pro\fab_develop\branches\pds_2020.3_no_license\source\sw\cdt\jtagserver\jsdevicepango.cpp:629] : the value in the status register is :4193440
[DEBUG][2022-11-09 16:39:02] [3812] - [d:\wf\3lite\output_files\pds_pro\fab_develop\branches\pds_2020.3_no_license\source\sw\cdt\jtagserver\jsdevicepango.cpp:1209] : begin to read back config registerregAddr is 9
[DEBUG][2022-11-09 16:39:02] [3812] - [d:\wf\3lite\output_files\pds_pro\fab_develop\branches\pds_2020.3_no_license\source\sw\cdt\jtagserver\jsjtagserver.cpp:144] : cmd operation Program releases locker
[DEBUG][2022-11-09 16:42:50] [3812] - [d:\wf\3lite\output_files\pds_pro\fab_develop\branches\pds_2020.3_no_license\source\sw\cdt\jtagserver\jsconnectionthread.cpp:650] : Remove the header data from the client, index : 0
[DEBUG][2022-11-09 16:42:50] [3812] - [d:\wf\3lite\output_files\pds_pro\fab_develop\branches\pds_2020.3_no_license\source\sw\cdt\jtagserver\jsconnectionthread.cpp:701] : _total_bytes_size : 714
[DEBUG][2022-11-09 16:42:50] [3812] - [d:\wf\3lite\output_files\pds_pro\fab_develop\branches\pds_2020.3_no_license\source\sw\cdt\jtagserver\jsconnectionthread.cpp:368] : cmd id :20002cmd name : Program
[DEBUG][2022-11-09 16:42:50] [3812] - [d:\wf\3lite\output_files\pds_pro\fab_develop\branches\pds_2020.3_no_license\source\sw\cdt\jtagserver\jsmanagerbase.cpp:262] : the idcode from the scanning is: 0x10303899
[DEBUG][2022-11-09 16:42:50] [3812] - [d:\wf\3lite\output_files\pds_pro\fab_develop\branches\pds_2020.3_no_license\source\sw\cdt\jtagserver\jsmanagerbase.cpp:262] : the idcode from the scanning is: 0x0
[DEBUG][2022-11-09 16:42:50] [3812] - [d:\wf\3lite\output_files\pds_pro\fab_develop\branches\pds_2020.3_no_license\source\sw\cdt\jtagserver\jsmanagerbase.cpp:262] : the idcode from the scanning is: 0x0
[DEBUG][2022-11-09 16:42:50] [3812] - [d:\wf\3lite\output_files\pds_pro\fab_develop\branches\pds_2020.3_no_license\source\sw\cdt\jtagserver\jsmanagerbase.cpp:262] : the idcode from the scanning is: 0x0
[DEBUG][2022-11-09 16:42:50] [3812] - [d:\wf\3lite\output_files\pds_pro\fab_develop\branches\pds_2020.3_no_license\source\sw\cdt\jtagserver\jsmanagerbase.cpp:262] : the idcode from the scanning is: 0x0
[DEBUG][2022-11-09 16:42:50] [3812] - [d:\wf\3lite\output_files\pds_pro\fab_develop\branches\pds_2020.3_no_license\source\sw\cdt\jtagserver\jsdevicepango.cpp:1209] : begin to read back config registerregAddr is 4
[DEBUG][2022-11-09 16:42:50] [3812] - [d:\wf\3lite\output_files\pds_pro\fab_develop\branches\pds_2020.3_no_license\source\sw\cdt\jtagserver\jsconnectionthread.cpp:603] : progress bar is 6
[DEBUG][2022-11-09 16:42:50] [3812] - [d:\wf\3lite\output_files\pds_pro\fab_develop\branches\pds_2020.3_no_license\source\sw\cdt\jtagserver\jsconnectionthread.cpp:603] : progress bar is 10
[DEBUG][2022-11-09 16:42:50] [3812] - [d:\wf\3lite\output_files\pds_pro\fab_develop\branches\pds_2020.3_no_license\source\sw\cdt\jtagserver\jsconnectionthread.cpp:603] : progress bar is 15
[DEBUG][2022-11-09 16:42:50] [3812] - [d:\wf\3lite\output_files\pds_pro\fab_develop\branches\pds_2020.3_no_license\source\sw\cdt\jtagserver\jsconnectionthread.cpp:603] : progress bar is 20
[DEBUG][2022-11-09 16:42:50] [3812] - [d:\wf\3lite\output_files\pds_pro\fab_develop\branches\pds_2020.3_no_license\source\sw\cdt\jtagserver\jsconnectionthread.cpp:603] : progress bar is 25
[DEBUG][2022-11-09 16:42:50] [3812] - [d:\wf\3lite\output_files\pds_pro\fab_develop\branches\pds_2020.3_no_license\source\sw\cdt\jtagserver\jsconnectionthread.cpp:603] : progress bar is 30
[DEBUG][2022-11-09 16:42:50] [3812] - [d:\wf\3lite\output_files\pds_pro\fab_develop\branches\pds_2020.3_no_license\source\sw\cdt\jtagserver\jsconnectionthread.cpp:603] : progress bar is 35
[DEBUG][2022-11-09 16:42:50] [3812] - [d:\wf\3lite\output_files\pds_pro\fab_develop\branches\pds_2020.3_no_license\source\sw\cdt\jtagserver\jsconnectionthread.cpp:603] : progress bar is 40
[DEBUG][2022-11-09 16:42:51] [3812] - [d:\wf\3lite\output_files\pds_pro\fab_develop\branches\pds_2020.3_no_license\source\sw\cdt\jtagserver\jsconnectionthread.cpp:603] : progress bar is 45
[DEBUG][2022-11-09 16:42:51] [3812] - [d:\wf\3lite\output_files\pds_pro\fab_develop\branches\pds_2020.3_no_license\source\sw\cdt\jtagserver\jsconnectionthread.cpp:603] : progress bar is 50
[DEBUG][2022-11-09 16:42:51] [3812] - [d:\wf\3lite\output_files\pds_pro\fab_develop\branches\pds_2020.3_no_license\source\sw\cdt\jtagserver\jsconnectionthread.cpp:603] : progress bar is 55
[DEBUG][2022-11-09 16:42:51] [3812] - [d:\wf\3lite\output_files\pds_pro\fab_develop\branches\pds_2020.3_no_license\source\sw\cdt\jtagserver\jsconnectionthread.cpp:603] : progress bar is 60
[DEBUG][2022-11-09 16:42:51] [3812] - [d:\wf\3lite\output_files\pds_pro\fab_develop\branches\pds_2020.3_no_license\source\sw\cdt\jtagserver\jsconnectionthread.cpp:603] : progress bar is 65
[DEBUG][2022-11-09 16:42:51] [3812] - [d:\wf\3lite\output_files\pds_pro\fab_develop\branches\pds_2020.3_no_license\source\sw\cdt\jtagserver\jsconnectionthread.cpp:603] : progress bar is 70
[DEBUG][2022-11-09 16:42:51] [3812] - [d:\wf\3lite\output_files\pds_pro\fab_develop\branches\pds_2020.3_no_license\source\sw\cdt\jtagserver\jsconnectionthread.cpp:603] : progress bar is 75
[DEBUG][2022-11-09 16:42:51] [3812] - [d:\wf\3lite\output_files\pds_pro\fab_develop\branches\pds_2020.3_no_license\source\sw\cdt\jtagserver\jsconnectionthread.cpp:603] : progress bar is 80
[DEBUG][2022-11-09 16:42:51] [3812] - [d:\wf\3lite\output_files\pds_pro\fab_develop\branches\pds_2020.3_no_license\source\sw\cdt\jtagserver\jsconnectionthread.cpp:603] : progress bar is 85
[DEBUG][2022-11-09 16:42:51] [3812] - [d:\wf\3lite\output_files\pds_pro\fab_develop\branches\pds_2020.3_no_license\source\sw\cdt\jtagserver\jsconnectionthread.cpp:603] : progress bar is 90
[DEBUG][2022-11-09 16:42:51] [3812] - [d:\wf\3lite\output_files\pds_pro\fab_develop\branches\pds_2020.3_no_license\source\sw\cdt\jtagserver\jsconnectionthread.cpp:603] : progress bar is 95
[DEBUG][2022-11-09 16:42:51] [3812] - [d:\wf\3lite\output_files\pds_pro\fab_develop\branches\pds_2020.3_no_license\source\sw\cdt\jtagserver\jsconnectionthread.cpp:603] : progress bar is 100
[DEBUG][2022-11-09 16:42:51] [3812] - [d:\wf\3lite\output_files\pds_pro\fab_develop\branches\pds_2020.3_no_license\source\sw\cdt\jtagserver\jsdevicepango.cpp:1209] : begin to read back config registerregAddr is 9
[DEBUG][2022-11-09 16:42:51] [3812] - [d:\wf\3lite\output_files\pds_pro\fab_develop\branches\pds_2020.3_no_license\source\sw\cdt\jtagserver\jsdevicepango.cpp:629] : the value in the status register is :4193440
[DEBUG][2022-11-09 16:42:51] [3812] - [d:\wf\3lite\output_files\pds_pro\fab_develop\branches\pds_2020.3_no_license\source\sw\cdt\jtagserver\jsdevicepango.cpp:1209] : begin to read back config registerregAddr is 9
[DEBUG][2022-11-09 16:42:51] [3812] - [d:\wf\3lite\output_files\pds_pro\fab_develop\branches\pds_2020.3_no_license\source\sw\cdt\jtagserver\jsjtagserver.cpp:144] : cmd operation Program releases locker
[DEBUG][2022-11-09 16:57:11] [17156] - [d:\wf\3lite\output_files\pds_pro\fab_develop\branches\pds_2020.3_no_license\source\sw\cdt\jtagserver\jsjtagserver.cpp:168] : Add a new user_thread, socket descriptor is 1448 user_thread id is 0000000000004304
[DEBUG][2022-11-09 16:57:11] [17156] - [d:\wf\3lite\output_files\pds_pro\fab_develop\branches\pds_2020.3_no_license\source\sw\cdt\jtagserver\jsjtagserver.cpp:169] : After adding, map size is : 3
[DEBUG][2022-11-09 16:57:11] [17156] - [d:\wf\3lite\output_files\pds_pro\fab_develop\branches\pds_2020.3_no_license\source\sw\cdt\jtagserver\jsjtagserver.cpp:168] : Add a new user_thread, socket descriptor is 1488 user_thread id is 0000000000004304
[DEBUG][2022-11-09 16:57:11] [17156] - [d:\wf\3lite\output_files\pds_pro\fab_develop\branches\pds_2020.3_no_license\source\sw\cdt\jtagserver\jsjtagserver.cpp:169] : After adding, map size is : 4
[DEBUG][2022-11-09 16:57:11] [18524] - [d:\wf\3lite\output_files\pds_pro\fab_develop\branches\pds_2020.3_no_license\source\sw\cdt\jtagserver\jsconnectionthread.cpp:104] : IP address of connecting client is : ::ffff:127.0.0.1
[DEBUG][2022-11-09 16:57:11] [2692] - [d:\wf\3lite\output_files\pds_pro\fab_develop\branches\pds_2020.3_no_license\source\sw\cdt\jtagserver\jsconnectionthread.cpp:104] : IP address of connecting client is : ::ffff:127.0.0.1
[DEBUG][2022-11-09 16:57:11] [18524] - [d:\wf\3lite\output_files\pds_pro\fab_develop\branches\pds_2020.3_no_license\source\sw\cdt\jtagserver\jsconnectionthread.cpp:650] : Remove the header data from the client, index : 0
[DEBUG][2022-11-09 16:57:11] [18524] - [d:\wf\3lite\output_files\pds_pro\fab_develop\branches\pds_2020.3_no_license\source\sw\cdt\jtagserver\jsconnectionthread.cpp:701] : _total_bytes_size : 156
[DEBUG][2022-11-09 16:57:11] [18524] - [d:\wf\3lite\output_files\pds_pro\fab_develop\branches\pds_2020.3_no_license\source\sw\cdt\jtagserver\jsconnectionthread.cpp:650] : Remove the header data from the client, index : 0
[DEBUG][2022-11-09 16:57:11] [18524] - [d:\wf\3lite\output_files\pds_pro\fab_develop\branches\pds_2020.3_no_license\source\sw\cdt\jtagserver\jsconnectionthread.cpp:701] : _total_bytes_size : 96
[DEBUG][2022-11-09 16:57:11] [18524] - [d:\wf\3lite\output_files\pds_pro\fab_develop\branches\pds_2020.3_no_license\source\sw\cdt\jtagserver\jsconnectionthread.cpp:368] : cmd id :40010cmd name : get_cable_paras
[DEBUG][2022-11-09 16:57:12] [18524] - [d:\wf\3lite\output_files\pds_pro\fab_develop\branches\pds_2020.3_no_license\source\sw\cdt\jtagserver\jsjtagserver.cpp:144] : cmd operation get_cable_paras releases locker
[DEBUG][2022-11-09 16:57:12] [18524] - [d:\wf\3lite\output_files\pds_pro\fab_develop\branches\pds_2020.3_no_license\source\sw\cdt\jtagserver\jsconnectionthread.cpp:650] : Remove the header data from the client, index : 0
[DEBUG][2022-11-09 16:57:12] [18524] - [d:\wf\3lite\output_files\pds_pro\fab_develop\branches\pds_2020.3_no_license\source\sw\cdt\jtagserver\jsconnectionthread.cpp:701] : _total_bytes_size : 100
[DEBUG][2022-11-09 16:57:12] [18524] - [d:\wf\3lite\output_files\pds_pro\fab_develop\branches\pds_2020.3_no_license\source\sw\cdt\jtagserver\jsconnectionthread.cpp:368] : cmd id :20001cmd name : Open config cable
[DEBUG][2022-11-09 16:57:12] [18524] - [d:\wf\3lite\output_files\pds_pro\fab_develop\branches\pds_2020.3_no_license\source\sw\cdt\jtagserver\jsmanagerbase.cpp:262] : the idcode from the scanning is: 0x10303899
[DEBUG][2022-11-09 16:57:12] [18524] - [d:\wf\3lite\output_files\pds_pro\fab_develop\branches\pds_2020.3_no_license\source\sw\cdt\jtagserver\jsmanagerbase.cpp:262] : the idcode from the scanning is: 0x0
[DEBUG][2022-11-09 16:57:12] [18524] - [d:\wf\3lite\output_files\pds_pro\fab_develop\branches\pds_2020.3_no_license\source\sw\cdt\jtagserver\jsmanagerbase.cpp:262] : the idcode from the scanning is: 0x0
[DEBUG][2022-11-09 16:57:12] [18524] - [d:\wf\3lite\output_files\pds_pro\fab_develop\branches\pds_2020.3_no_license\source\sw\cdt\jtagserver\jsmanagerbase.cpp:262] : the idcode from the scanning is: 0x0
[DEBUG][2022-11-09 16:57:12] [18524] - [d:\wf\3lite\output_files\pds_pro\fab_develop\branches\pds_2020.3_no_license\source\sw\cdt\jtagserver\jsmanagerbase.cpp:262] : the idcode from the scanning is: 0x0
[DEBUG][2022-11-09 16:57:12] [18524] - [d:\wf\3lite\output_files\pds_pro\fab_develop\branches\pds_2020.3_no_license\source\sw\cdt\jtagserver\jsdevicepango.cpp:1209] : begin to read back config registerregAddr is 9
[DEBUG][2022-11-09 16:57:12] [18524] - [d:\wf\3lite\output_files\pds_pro\fab_develop\branches\pds_2020.3_no_license\source\sw\cdt\jtagserver\jsjtagserver.cpp:144] : cmd operation Open config cable releases locker
[DEBUG][2022-11-09 16:57:15] [18524] - [d:\wf\3lite\output_files\pds_pro\fab_develop\branches\pds_2020.3_no_license\source\sw\cdt\jtagserver\jsconnectionthread.cpp:650] : Remove the header data from the client, index : 0
[DEBUG][2022-11-09 16:57:15] [18524] - [d:\wf\3lite\output_files\pds_pro\fab_develop\branches\pds_2020.3_no_license\source\sw\cdt\jtagserver\jsconnectionthread.cpp:701] : _total_bytes_size : 754
[DEBUG][2022-11-09 16:57:15] [18524] - [d:\wf\3lite\output_files\pds_pro\fab_develop\branches\pds_2020.3_no_license\source\sw\cdt\jtagserver\jsconnectionthread.cpp:368] : cmd id :20002cmd name : Program
[DEBUG][2022-11-09 16:57:15] [18524] - [d:\wf\3lite\output_files\pds_pro\fab_develop\branches\pds_2020.3_no_license\source\sw\cdt\jtagserver\jsmanagerbase.cpp:262] : the idcode from the scanning is: 0x10303899
[DEBUG][2022-11-09 16:57:15] [18524] - [d:\wf\3lite\output_files\pds_pro\fab_develop\branches\pds_2020.3_no_license\source\sw\cdt\jtagserver\jsmanagerbase.cpp:262] : the idcode from the scanning is: 0x0
[DEBUG][2022-11-09 16:57:15] [18524] - [d:\wf\3lite\output_files\pds_pro\fab_develop\branches\pds_2020.3_no_license\source\sw\cdt\jtagserver\jsmanagerbase.cpp:262] : the idcode from the scanning is: 0x0
[DEBUG][2022-11-09 16:57:15] [18524] - [d:\wf\3lite\output_files\pds_pro\fab_develop\branches\pds_2020.3_no_license\source\sw\cdt\jtagserver\jsmanagerbase.cpp:262] : the idcode from the scanning is: 0x0
[DEBUG][2022-11-09 16:57:15] [18524] - [d:\wf\3lite\output_files\pds_pro\fab_develop\branches\pds_2020.3_no_license\source\sw\cdt\jtagserver\jsmanagerbase.cpp:262] : the idcode from the scanning is: 0x0
[DEBUG][2022-11-09 16:57:15] [18524] - [d:\wf\3lite\output_files\pds_pro\fab_develop\branches\pds_2020.3_no_license\source\sw\cdt\jtagserver\jsdevicepango.cpp:1209] : begin to read back config registerregAddr is 4
[DEBUG][2022-11-09 16:57:15] [18524] - [d:\wf\3lite\output_files\pds_pro\fab_develop\branches\pds_2020.3_no_license\source\sw\cdt\jtagserver\jsconnectionthread.cpp:603] : progress bar is 6
[DEBUG][2022-11-09 16:57:15] [18524] - [d:\wf\3lite\output_files\pds_pro\fab_develop\branches\pds_2020.3_no_license\source\sw\cdt\jtagserver\jsconnectionthread.cpp:603] : progress bar is 10
[DEBUG][2022-11-09 16:57:15] [18524] - [d:\wf\3lite\output_files\pds_pro\fab_develop\branches\pds_2020.3_no_license\source\sw\cdt\jtagserver\jsconnectionthread.cpp:603] : progress bar is 15
[DEBUG][2022-11-09 16:57:15] [18524] - [d:\wf\3lite\output_files\pds_pro\fab_develop\branches\pds_2020.3_no_license\source\sw\cdt\jtagserver\jsconnectionthread.cpp:603] : progress bar is 20
[DEBUG][2022-11-09 16:57:15] [18524] - [d:\wf\3lite\output_files\pds_pro\fab_develop\branches\pds_2020.3_no_license\source\sw\cdt\jtagserver\jsconnectionthread.cpp:603] : progress bar is 25
[DEBUG][2022-11-09 16:57:15] [18524] - [d:\wf\3lite\output_files\pds_pro\fab_develop\branches\pds_2020.3_no_license\source\sw\cdt\jtagserver\jsconnectionthread.cpp:603] : progress bar is 30
[DEBUG][2022-11-09 16:57:15] [18524] - [d:\wf\3lite\output_files\pds_pro\fab_develop\branches\pds_2020.3_no_license\source\sw\cdt\jtagserver\jsconnectionthread.cpp:603] : progress bar is 35
[DEBUG][2022-11-09 16:57:15] [18524] - [d:\wf\3lite\output_files\pds_pro\fab_develop\branches\pds_2020.3_no_license\source\sw\cdt\jtagserver\jsconnectionthread.cpp:603] : progress bar is 40
[DEBUG][2022-11-09 16:57:15] [18524] - [d:\wf\3lite\output_files\pds_pro\fab_develop\branches\pds_2020.3_no_license\source\sw\cdt\jtagserver\jsconnectionthread.cpp:603] : progress bar is 45
[DEBUG][2022-11-09 16:57:15] [18524] - [d:\wf\3lite\output_files\pds_pro\fab_develop\branches\pds_2020.3_no_license\source\sw\cdt\jtagserver\jsconnectionthread.cpp:603] : progress bar is 50
[DEBUG][2022-11-09 16:57:15] [18524] - [d:\wf\3lite\output_files\pds_pro\fab_develop\branches\pds_2020.3_no_license\source\sw\cdt\jtagserver\jsconnectionthread.cpp:603] : progress bar is 55
[DEBUG][2022-11-09 16:57:15] [18524] - [d:\wf\3lite\output_files\pds_pro\fab_develop\branches\pds_2020.3_no_license\source\sw\cdt\jtagserver\jsconnectionthread.cpp:603] : progress bar is 60
[DEBUG][2022-11-09 16:57:15] [18524] - [d:\wf\3lite\output_files\pds_pro\fab_develop\branches\pds_2020.3_no_license\source\sw\cdt\jtagserver\jsconnectionthread.cpp:603] : progress bar is 65
[DEBUG][2022-11-09 16:57:15] [18524] - [d:\wf\3lite\output_files\pds_pro\fab_develop\branches\pds_2020.3_no_license\source\sw\cdt\jtagserver\jsconnectionthread.cpp:603] : progress bar is 70
[DEBUG][2022-11-09 16:57:16] [18524] - [d:\wf\3lite\output_files\pds_pro\fab_develop\branches\pds_2020.3_no_license\source\sw\cdt\jtagserver\jsconnectionthread.cpp:603] : progress bar is 75
[DEBUG][2022-11-09 16:57:16] [18524] - [d:\wf\3lite\output_files\pds_pro\fab_develop\branches\pds_2020.3_no_license\source\sw\cdt\jtagserver\jsconnectionthread.cpp:603] : progress bar is 80
[DEBUG][2022-11-09 16:57:16] [18524] - [d:\wf\3lite\output_files\pds_pro\fab_develop\branches\pds_2020.3_no_license\source\sw\cdt\jtagserver\jsconnectionthread.cpp:603] : progress bar is 85
[DEBUG][2022-11-09 16:57:16] [18524] - [d:\wf\3lite\output_files\pds_pro\fab_develop\branches\pds_2020.3_no_license\source\sw\cdt\jtagserver\jsconnectionthread.cpp:603] : progress bar is 90
[DEBUG][2022-11-09 16:57:16] [18524] - [d:\wf\3lite\output_files\pds_pro\fab_develop\branches\pds_2020.3_no_license\source\sw\cdt\jtagserver\jsconnectionthread.cpp:603] : progress bar is 95
[DEBUG][2022-11-09 16:57:16] [18524] - [d:\wf\3lite\output_files\pds_pro\fab_develop\branches\pds_2020.3_no_license\source\sw\cdt\jtagserver\jsconnectionthread.cpp:603] : progress bar is 100
[DEBUG][2022-11-09 16:57:16] [18524] - [d:\wf\3lite\output_files\pds_pro\fab_develop\branches\pds_2020.3_no_license\source\sw\cdt\jtagserver\jsdevicepango.cpp:1209] : begin to read back config registerregAddr is 9
[DEBUG][2022-11-09 16:57:16] [18524] - [d:\wf\3lite\output_files\pds_pro\fab_develop\branches\pds_2020.3_no_license\source\sw\cdt\jtagserver\jsdevicepango.cpp:629] : the value in the status register is :4193440
[DEBUG][2022-11-09 16:57:16] [18524] - [d:\wf\3lite\output_files\pds_pro\fab_develop\branches\pds_2020.3_no_license\source\sw\cdt\jtagserver\jsdevicepango.cpp:1209] : begin to read back config registerregAddr is 9
[DEBUG][2022-11-09 16:57:16] [18524] - [d:\wf\3lite\output_files\pds_pro\fab_develop\branches\pds_2020.3_no_license\source\sw\cdt\jtagserver\jsjtagserver.cpp:144] : cmd operation Program releases locker
[DEBUG][2022-11-09 16:58:22] [18524] - [d:\wf\3lite\output_files\pds_pro\fab_develop\branches\pds_2020.3_no_license\source\sw\cdt\jtagserver\jsconnectionthread.cpp:650] : Remove the header data from the client, index : 0
[DEBUG][2022-11-09 16:58:22] [18524] - [d:\wf\3lite\output_files\pds_pro\fab_develop\branches\pds_2020.3_no_license\source\sw\cdt\jtagserver\jsconnectionthread.cpp:701] : _total_bytes_size : 754
[DEBUG][2022-11-09 16:58:22] [18524] - [d:\wf\3lite\output_files\pds_pro\fab_develop\branches\pds_2020.3_no_license\source\sw\cdt\jtagserver\jsconnectionthread.cpp:368] : cmd id :20002cmd name : Program
[DEBUG][2022-11-09 16:58:22] [18524] - [d:\wf\3lite\output_files\pds_pro\fab_develop\branches\pds_2020.3_no_license\source\sw\cdt\jtagserver\jsmanagerbase.cpp:262] : the idcode from the scanning is: 0x10303899
[DEBUG][2022-11-09 16:58:22] [18524] - [d:\wf\3lite\output_files\pds_pro\fab_develop\branches\pds_2020.3_no_license\source\sw\cdt\jtagserver\jsmanagerbase.cpp:262] : the idcode from the scanning is: 0x0
[DEBUG][2022-11-09 16:58:22] [18524] - [d:\wf\3lite\output_files\pds_pro\fab_develop\branches\pds_2020.3_no_license\source\sw\cdt\jtagserver\jsmanagerbase.cpp:262] : the idcode from the scanning is: 0x0
[DEBUG][2022-11-09 16:58:22] [18524] - [d:\wf\3lite\output_files\pds_pro\fab_develop\branches\pds_2020.3_no_license\source\sw\cdt\jtagserver\jsmanagerbase.cpp:262] : the idcode from the scanning is: 0x0
[DEBUG][2022-11-09 16:58:22] [18524] - [d:\wf\3lite\output_files\pds_pro\fab_develop\branches\pds_2020.3_no_license\source\sw\cdt\jtagserver\jsmanagerbase.cpp:262] : the idcode from the scanning is: 0x0
[DEBUG][2022-11-09 16:58:22] [18524] - [d:\wf\3lite\output_files\pds_pro\fab_develop\branches\pds_2020.3_no_license\source\sw\cdt\jtagserver\jsdevicepango.cpp:1209] : begin to read back config registerregAddr is 4
[DEBUG][2022-11-09 16:58:22] [18524] - [d:\wf\3lite\output_files\pds_pro\fab_develop\branches\pds_2020.3_no_license\source\sw\cdt\jtagserver\jsconnectionthread.cpp:603] : progress bar is 6
[DEBUG][2022-11-09 16:58:22] [18524] - [d:\wf\3lite\output_files\pds_pro\fab_develop\branches\pds_2020.3_no_license\source\sw\cdt\jtagserver\jsconnectionthread.cpp:603] : progress bar is 10
[DEBUG][2022-11-09 16:58:22] [18524] - [d:\wf\3lite\output_files\pds_pro\fab_develop\branches\pds_2020.3_no_license\source\sw\cdt\jtagserver\jsconnectionthread.cpp:603] : progress bar is 15
[DEBUG][2022-11-09 16:58:22] [18524] - [d:\wf\3lite\output_files\pds_pro\fab_develop\branches\pds_2020.3_no_license\source\sw\cdt\jtagserver\jsconnectionthread.cpp:603] : progress bar is 20
[DEBUG][2022-11-09 16:58:22] [18524] - [d:\wf\3lite\output_files\pds_pro\fab_develop\branches\pds_2020.3_no_license\source\sw\cdt\jtagserver\jsconnectionthread.cpp:603] : progress bar is 25
[DEBUG][2022-11-09 16:58:22] [18524] - [d:\wf\3lite\output_files\pds_pro\fab_develop\branches\pds_2020.3_no_license\source\sw\cdt\jtagserver\jsconnectionthread.cpp:603] : progress bar is 30
[DEBUG][2022-11-09 16:58:22] [18524] - [d:\wf\3lite\output_files\pds_pro\fab_develop\branches\pds_2020.3_no_license\source\sw\cdt\jtagserver\jsconnectionthread.cpp:603] : progress bar is 35
[DEBUG][2022-11-09 16:58:22] [18524] - [d:\wf\3lite\output_files\pds_pro\fab_develop\branches\pds_2020.3_no_license\source\sw\cdt\jtagserver\jsconnectionthread.cpp:603] : progress bar is 40
[DEBUG][2022-11-09 16:58:22] [18524] - [d:\wf\3lite\output_files\pds_pro\fab_develop\branches\pds_2020.3_no_license\source\sw\cdt\jtagserver\jsconnectionthread.cpp:603] : progress bar is 45
[DEBUG][2022-11-09 16:58:22] [18524] - [d:\wf\3lite\output_files\pds_pro\fab_develop\branches\pds_2020.3_no_license\source\sw\cdt\jtagserver\jsconnectionthread.cpp:603] : progress bar is 50
[DEBUG][2022-11-09 16:58:22] [18524] - [d:\wf\3lite\output_files\pds_pro\fab_develop\branches\pds_2020.3_no_license\source\sw\cdt\jtagserver\jsconnectionthread.cpp:603] : progress bar is 55
[DEBUG][2022-11-09 16:58:22] [18524] - [d:\wf\3lite\output_files\pds_pro\fab_develop\branches\pds_2020.3_no_license\source\sw\cdt\jtagserver\jsconnectionthread.cpp:603] : progress bar is 60
[DEBUG][2022-11-09 16:58:22] [18524] - [d:\wf\3lite\output_files\pds_pro\fab_develop\branches\pds_2020.3_no_license\source\sw\cdt\jtagserver\jsconnectionthread.cpp:603] : progress bar is 65
[DEBUG][2022-11-09 16:58:22] [18524] - [d:\wf\3lite\output_files\pds_pro\fab_develop\branches\pds_2020.3_no_license\source\sw\cdt\jtagserver\jsconnectionthread.cpp:603] : progress bar is 70
[DEBUG][2022-11-09 16:58:23] [18524] - [d:\wf\3lite\output_files\pds_pro\fab_develop\branches\pds_2020.3_no_license\source\sw\cdt\jtagserver\jsconnectionthread.cpp:603] : progress bar is 75
[DEBUG][2022-11-09 16:58:23] [18524] - [d:\wf\3lite\output_files\pds_pro\fab_develop\branches\pds_2020.3_no_license\source\sw\cdt\jtagserver\jsconnectionthread.cpp:603] : progress bar is 80
[DEBUG][2022-11-09 16:58:23] [18524] - [d:\wf\3lite\output_files\pds_pro\fab_develop\branches\pds_2020.3_no_license\source\sw\cdt\jtagserver\jsconnectionthread.cpp:603] : progress bar is 85
[DEBUG][2022-11-09 16:58:23] [18524] - [d:\wf\3lite\output_files\pds_pro\fab_develop\branches\pds_2020.3_no_license\source\sw\cdt\jtagserver\jsconnectionthread.cpp:603] : progress bar is 90
[DEBUG][2022-11-09 16:58:23] [18524] - [d:\wf\3lite\output_files\pds_pro\fab_develop\branches\pds_2020.3_no_license\source\sw\cdt\jtagserver\jsconnectionthread.cpp:603] : progress bar is 95
[DEBUG][2022-11-09 16:58:23] [18524] - [d:\wf\3lite\output_files\pds_pro\fab_develop\branches\pds_2020.3_no_license\source\sw\cdt\jtagserver\jsconnectionthread.cpp:603] : progress bar is 100
[DEBUG][2022-11-09 16:58:23] [18524] - [d:\wf\3lite\output_files\pds_pro\fab_develop\branches\pds_2020.3_no_license\source\sw\cdt\jtagserver\jsdevicepango.cpp:1209] : begin to read back config registerregAddr is 9
[DEBUG][2022-11-09 16:58:23] [18524] - [d:\wf\3lite\output_files\pds_pro\fab_develop\branches\pds_2020.3_no_license\source\sw\cdt\jtagserver\jsdevicepango.cpp:629] : the value in the status register is :4193440
[DEBUG][2022-11-09 16:58:23] [18524] - [d:\wf\3lite\output_files\pds_pro\fab_develop\branches\pds_2020.3_no_license\source\sw\cdt\jtagserver\jsdevicepango.cpp:1209] : begin to read back config registerregAddr is 9
[DEBUG][2022-11-09 16:58:23] [18524] - [d:\wf\3lite\output_files\pds_pro\fab_develop\branches\pds_2020.3_no_license\source\sw\cdt\jtagserver\jsjtagserver.cpp:144] : cmd operation Program releases locker
[DEBUG][2022-11-09 18:36:23] [14528] - [d:\wf\3lite\output_files\pds_pro\fab_develop\branches\pds_2020.3_no_license\source\sw\cdt\jtagserver\jsconnectionthread.cpp:240] : connection error happens : 1
[DEBUG][2022-11-09 18:36:23] [3812] - [d:\wf\3lite\output_files\pds_pro\fab_develop\branches\pds_2020.3_no_license\source\sw\cdt\jtagserver\jsconnectionthread.cpp:240] : connection error happens : 1
[DEBUG][2022-11-09 18:36:23] [3812] - [d:\wf\3lite\output_files\pds_pro\fab_develop\branches\pds_2020.3_no_license\source\sw\cdt\jtagserver\jsconnectionthread.cpp:288] : connection state changes : 6 , socket description 1092
[DEBUG][2022-11-09 18:36:23] [14528] - [d:\wf\3lite\output_files\pds_pro\fab_develop\branches\pds_2020.3_no_license\source\sw\cdt\jtagserver\jsconnectionthread.cpp:288] : connection state changes : 6 , socket description 1284
[WARN][2022-11-09 18:36:23] [3812] - [d:\wf\3lite\output_files\pds_pro\fab_develop\branches\pds_2020.3_no_license\source\sw\cdt\jtagserver\jsconnectionthread.cpp:326] : socket state is ListeningState
[WARN][2022-11-09 18:36:23] [14528] - [d:\wf\3lite\output_files\pds_pro\fab_develop\branches\pds_2020.3_no_license\source\sw\cdt\jtagserver\jsconnectionthread.cpp:326] : socket state is ListeningState
[DEBUG][2022-11-09 18:36:23] [3812] - [d:\wf\3lite\output_files\pds_pro\fab_develop\branches\pds_2020.3_no_license\source\sw\cdt\jtagserver\jsconnectionthread.cpp:288] : connection state changes : 0 , socket description 1092
[DEBUG][2022-11-09 18:36:23] [14528] - [d:\wf\3lite\output_files\pds_pro\fab_develop\branches\pds_2020.3_no_license\source\sw\cdt\jtagserver\jsconnectionthread.cpp:288] : connection state changes : 0 , socket description 1284
[WARN][2022-11-09 18:36:23] [3812] - [d:\wf\3lite\output_files\pds_pro\fab_develop\branches\pds_2020.3_no_license\source\sw\cdt\jtagserver\jsconnectionthread.cpp:296] : socket state is UnconnectedState
[WARN][2022-11-09 18:36:23] [14528] - [d:\wf\3lite\output_files\pds_pro\fab_develop\branches\pds_2020.3_no_license\source\sw\cdt\jtagserver\jsconnectionthread.cpp:296] : socket state is UnconnectedState
[DEBUG][2022-11-09 18:36:23] [17156] - [d:\wf\3lite\output_files\pds_pro\fab_develop\branches\pds_2020.3_no_license\source\sw\cdt\jtagserver\jsjtagserver.cpp:190] : push back socket descriptor : 1092
[DEBUG][2022-11-09 18:36:23] [17156] - [d:\wf\3lite\output_files\pds_pro\fab_develop\branches\pds_2020.3_no_license\source\sw\cdt\jtagserver\jsjtagserver.cpp:190] : push back socket descriptor : 1284
