#Build: Fabric Compiler 2020.3-Lite, Build 71107, Mar 15 18:01 2021
#Install: D:\PDS2020_install\PDS_2020.3-Lite\bin
#Application name: pds_shell.exe
#OS: Windows 10 10.0.22000
#Hostname: LAPTOP-ILGRUGDG
Generated by Fabric Compiler (version 2020.3-Lite build 71107) at Wed Nov  9 16:24:23 2022
Compiling verification operator library.
Compiling common defs.
Compiling prim grid devices.
Compiling gate devices.
Compiling gate operators.
Building architecture model.
Loading device packaging model 'MBG324'.
Reading design from DB.
Start Generating Programming File...
Reading design from DB takes 4.328125 sec.
Generating architecture configuration.
The bitstream file is "D:/PDS2020_install/PDS_2020.3-Lite/code_success/Color_Lignt/Color_Lignt/generate_bitstream/ws2812.sbit"
Generate programming file takes 69.609375 sec.
Generating Programming File done.
Action gen_bit_stream: Real time elapsed is 76.000 sec
Action gen_bit_stream: CPU time elapsed is 75.719 sec
Current time: Wed Nov  9 16:25:37 2022
Action gen_bit_stream: Peak memory pool usage is 406,818,816 bytes
