#Build: Fabric Compiler 2020.3-Lite, Build 71107, Mar 15 18:01 2021
#Install: E:\pds\PDS_2020.3-Lite\bin
#Application name: pds_shell.exe
#OS: Windows 10 10.0.19043
#Hostname: LAPTOP-PVU7L9MS
Generated by Fabric Compiler (version 2020.3-Lite build 71107) at Mon Nov  7 22:40:42 2022
Compiling verification operator library.
Compiling common defs.
Compiling prim grid devices.
Compiling gate devices.
Compiling gate operators.
Building architecture model.
Loading device packaging model 'MBG324'.
Reading design from DB.
Start Generating Programming File...
Reading design from DB takes 5.171875 sec.
Generating architecture configuration.
The bitstream file is "E:/fpga/new/Color_Lignt/generate_bitstream/ws2812.sbit"
Generate programming file takes 81.359375 sec.
Generating Programming File done.
Action gen_bit_stream: Real time elapsed is 90.000 sec
Action gen_bit_stream: CPU time elapsed is 89.188 sec
Current time: Mon Nov  7 22:42:10 2022
Action gen_bit_stream: Peak memory pool usage is 405,340,160 bytes
