#Build: Fabric Compiler 2020.3-Lite, Build 71107, Mar 15 18:01 2021
#Install: E:\pds\PDS_2020.3-Lite\bin
#Application name: pds_shell.exe
#OS: Windows 10 10.0.19043
#Hostname: LAPTOP-PVU7L9MS
Generated by Fabric Compiler (version 2020.3-Lite build 71107) at Mon Nov  7 22:37:54 2022
Compiling verification operator library.
Compiling common defs.
Compiling prim grid devices.
Compiling gate devices.
Compiling gate operators.
Building architecture model.
Loading device packaging model 'MBG324'.
I: Parameter configuration file E:/fpga/new/Color_Lignt/testparam.txt cannot open.
Starting placement and routing flow. (CPU time elapsed 0h:00m:00s)
Reading design from devmap DB.

Placement started.
Mapping instance clk_generate_m0/u_pll_e1/goppll to PLL_82_51.
Mapping instance video_clk5xbufg/gopclkbufg to USCM_74_104.
Mapping instance video_clkbufg/gopclkbufg to USCM_74_105.
Mapping instance sys_clk_ibuf/opit_1 to IOL_7_74.
Mapping instance sys_clkbufg/gopclkbufg to USCM_74_106.
Pre global placement takes 12.36 sec.
Run super clustering :
	Initial slack 990530.
	2 iterations finished.
	Final slack 991541.
Super clustering done.
Design Utilization : 34%.
Global placement takes 9.52 sec.
Wirelength after global placement is 70794.
Placed fixed instance clk_generate_m0/u_pll_e1/goppll on PLL_82_51.
Placed fixed group with base inst sys_clk_ibuf/opit_1 on IOL_7_74.
Placed fixed instance sys_clkbufg/gopclkbufg on USCM_74_106.
Placed fixed instance video_clk5xbufg/gopclkbufg on USCM_74_104.
Placed fixed instance video_clkbufg/gopclkbufg on USCM_74_105.
Wirelength after Macro cell placement is 70880.
Macro cell placement takes 0.02 sec.
Run super clustering :
	Initial slack 990522.
	2 iterations finished.
	Final slack 991541.
Super clustering done.
Design Utilization : 34%.
Wirelength after post global placement is 67524.
Post global placement takes 10.41 sec.
Wirelength after legalization is 75868.
Legalization takes 3.44 sec.
Worst slack before Replication Place is 991702.
Wirelength after replication placement is 75868.
Legalized cost 991702.000000.
The detailed placement ends at 11th iteration.
Wirelength after detailed placement is 75868.
Timing-driven detailed placement takes 9.64 sec.
Placement done.
Total placement takes 50.64 sec.
Finished placement. (CPU time elapsed 0h:00m:52s)

Routing started.
Building routing graph takes 2.94 sec.
Worst slack is 992035.
Processing design graph takes 0.95 sec.
Total memory for routing:
	50.768158 M.
Total nets for routing : 8795.
Rcf routing step 1 processed 0 nets, it takes 0.00 sec.
Rcf routing step 2 processed 0 nets, it takes 0.00 sec.
Rcf routing step 3 processed 0 nets, it takes 0.00 sec.
Global Routing step 1 processed 0 nets, it takes 0.06 sec.
Global Routing step 2 processed 0 nets, it takes 0.08 sec.
Unrouted nets 282 at the end of iteration 0.
Unrouted nets 210 at the end of iteration 1.
Unrouted nets 186 at the end of iteration 2.
Unrouted nets 156 at the end of iteration 3.
Unrouted nets 113 at the end of iteration 4.
Unrouted nets 82 at the end of iteration 5.
Unrouted nets 57 at the end of iteration 6.
Unrouted nets 35 at the end of iteration 7.
Unrouted nets 29 at the end of iteration 8.
Unrouted nets 13 at the end of iteration 9.
Unrouted nets 4 at the end of iteration 10.
Unrouted nets 0 at the end of iteration 11.
Global Routing step 3 processed 360 nets, it takes 11.31 sec.
Global routing takes 11.50 sec.
Total 12210 subnets.
    forward max bucket size 861 , backward 229.
        Unrouted nets 9614 at the end of iteration 0.
    route iteration 0, CPU time elapsed 11.078125 sec.
    forward max bucket size 717 , backward 225.
        Unrouted nets 7569 at the end of iteration 1.
    route iteration 1, CPU time elapsed 10.531250 sec.
    forward max bucket size 559 , backward 412.
        Unrouted nets 5901 at the end of iteration 2.
    route iteration 2, CPU time elapsed 10.843750 sec.
    forward max bucket size 663 , backward 384.
        Unrouted nets 4716 at the end of iteration 3.
    route iteration 3, CPU time elapsed 5.593750 sec.
    forward max bucket size 394 , backward 544.
        Unrouted nets 3784 at the end of iteration 4.
    route iteration 4, CPU time elapsed 5.453125 sec.
    forward max bucket size 579 , backward 722.
        Unrouted nets 2952 at the end of iteration 5.
    route iteration 5, CPU time elapsed 2.140625 sec.
    forward max bucket size 1016 , backward 682.
        Unrouted nets 2892 at the end of iteration 6.
    route iteration 6, CPU time elapsed 1.515625 sec.
    forward max bucket size 1372 , backward 679.
        Unrouted nets 2489 at the end of iteration 7.
    route iteration 7, CPU time elapsed 1.359375 sec.
    forward max bucket size 1406 , backward 746.
        Unrouted nets 1948 at the end of iteration 8.
    route iteration 8, CPU time elapsed 1.078125 sec.
    forward max bucket size 922 , backward 502.
        Unrouted nets 1594 at the end of iteration 9.
    route iteration 9, CPU time elapsed 0.953125 sec.
    forward max bucket size 875 , backward 781.
        Unrouted nets 1339 at the end of iteration 10.
    route iteration 10, CPU time elapsed 0.796875 sec.
    forward max bucket size 651 , backward 392.
        Unrouted nets 1083 at the end of iteration 11.
    route iteration 11, CPU time elapsed 0.703125 sec.
    forward max bucket size 622 , backward 402.
        Unrouted nets 860 at the end of iteration 12.
    route iteration 12, CPU time elapsed 0.562500 sec.
    forward max bucket size 857 , backward 601.
        Unrouted nets 693 at the end of iteration 13.
    route iteration 13, CPU time elapsed 0.500000 sec.
    forward max bucket size 817 , backward 478.
        Unrouted nets 508 at the end of iteration 14.
    route iteration 14, CPU time elapsed 0.390625 sec.
    forward max bucket size 1145 , backward 593.
        Unrouted nets 375 at the end of iteration 15.
    route iteration 15, CPU time elapsed 0.343750 sec.
    forward max bucket size 244 , backward 326.
        Unrouted nets 314 at the end of iteration 16.
    route iteration 16, CPU time elapsed 0.281250 sec.
    forward max bucket size 395 , backward 173.
        Unrouted nets 226 at the end of iteration 17.
    route iteration 17, CPU time elapsed 0.234375 sec.
    forward max bucket size 481 , backward 446.
        Unrouted nets 162 at the end of iteration 18.
    route iteration 18, CPU time elapsed 0.203125 sec.
    forward max bucket size 418 , backward 402.
        Unrouted nets 129 at the end of iteration 19.
    route iteration 19, CPU time elapsed 0.171875 sec.
    forward max bucket size 228 , backward 257.
        Unrouted nets 99 at the end of iteration 20.
    route iteration 20, CPU time elapsed 0.140625 sec.
    forward max bucket size 274 , backward 245.
        Unrouted nets 73 at the end of iteration 21.
    route iteration 21, CPU time elapsed 0.125000 sec.
    forward max bucket size 167 , backward 150.
        Unrouted nets 62 at the end of iteration 22.
    route iteration 22, CPU time elapsed 0.109375 sec.
    forward max bucket size 48 , backward 110.
        Unrouted nets 50 at the end of iteration 23.
    route iteration 23, CPU time elapsed 0.093750 sec.
    forward max bucket size 39 , backward 74.
        Unrouted nets 49 at the end of iteration 24.
    route iteration 24, CPU time elapsed 0.093750 sec.
    forward max bucket size 216 , backward 244.
        Unrouted nets 38 at the end of iteration 25.
    route iteration 25, CPU time elapsed 0.109375 sec.
    forward max bucket size 83 , backward 128.
        Unrouted nets 28 at the end of iteration 26.
    route iteration 26, CPU time elapsed 0.093750 sec.
    forward max bucket size 231 , backward 202.
        Unrouted nets 24 at the end of iteration 27.
    route iteration 27, CPU time elapsed 0.078125 sec.
    forward max bucket size 37 , backward 37.
        Unrouted nets 14 at the end of iteration 28.
    route iteration 28, CPU time elapsed 0.078125 sec.
    forward max bucket size 50 , backward 47.
        Unrouted nets 11 at the end of iteration 29.
    route iteration 29, CPU time elapsed 0.078125 sec.
    forward max bucket size 18 , backward 28.
        Unrouted nets 6 at the end of iteration 30.
    route iteration 30, CPU time elapsed 0.078125 sec.
    forward max bucket size 15 , backward 19.
        Unrouted nets 8 at the end of iteration 31.
    route iteration 31, CPU time elapsed 0.078125 sec.
    forward max bucket size 16 , backward 24.
        Unrouted nets 9 at the end of iteration 32.
    route iteration 32, CPU time elapsed 0.078125 sec.
    forward max bucket size 29 , backward 53.
        Unrouted nets 6 at the end of iteration 33.
    route iteration 33, CPU time elapsed 0.078125 sec.
    forward max bucket size 73 , backward 113.
        Unrouted nets 8 at the end of iteration 34.
    route iteration 34, CPU time elapsed 0.078125 sec.
    forward max bucket size 221 , backward 221.
        Unrouted nets 10 at the end of iteration 35.
    route iteration 35, CPU time elapsed 0.093750 sec.
    forward max bucket size 501 , backward 353.
        Unrouted nets 11 at the end of iteration 36.
    route iteration 36, CPU time elapsed 0.078125 sec.
    forward max bucket size 535 , backward 374.
        Unrouted nets 9 at the end of iteration 37.
    route iteration 37, CPU time elapsed 0.078125 sec.
    forward max bucket size 70 , backward 104.
        Unrouted nets 8 at the end of iteration 38.
    route iteration 38, CPU time elapsed 0.078125 sec.
    forward max bucket size 24 , backward 33.
        Unrouted nets 7 at the end of iteration 39.
    route iteration 39, CPU time elapsed 0.078125 sec.
    forward max bucket size 24 , backward 18.
        Unrouted nets 4 at the end of iteration 40.
    route iteration 40, CPU time elapsed 0.062500 sec.
    forward max bucket size 15 , backward 12.
        Unrouted nets 0 at the end of iteration 41.
    route iteration 41, CPU time elapsed 0.062500 sec.
Detailed routing takes 57.80 sec.

Dispose routing result:
    Collect routing result.
    Delete unused device instances.
    Annotate routing result.
    Change LUT configuration.
    Dispose misc instances.
I: Route-6001: Insert route through in USCM_74_107.
    Annotate routing result again.
Finish routing takes 2.00 sec.
Used srb routing arc is 104940.
Cleanup routing takes 0.11 sec.
Routing done.
Total routing takes 80.55 sec.


Device Utilization Summary :
+----------------------------------------------------------------------------+
| Logic Utilization        | Used     | Available     | Utilization(%)     
+----------------------------------------------------------------------------+
| Use of ADC               | 0        | 1             | 0                   
| Use of APM               | 0        | 30            | 0                   
| Use of BKCL              | 0        | 6             | 0                   
| Use of CLMA              | 2974     | 3274          | 91                  
|   FF                     | 5212     | 19644         | 27                  
|   LUT                    | 2380     | 13096         | 18                  
|   LUT-FF pairs           | 225      | 13096         | 2                   
| Use of CLMS              | 1013     | 1110          | 91                  
|   FF                     | 1834     | 6660          | 28                  
|   LUT                    | 781      | 4440          | 18                  
|   LUT-FF pairs           | 64       | 4440          | 1                   
|   Distributed RAM        | 0        | 4440          | 0                   
| Use of CRYSTAL           | 0        | 6             | 0                   
| Use of DLL               | 0        | 6             | 0                   
| Use of DQSL              | 0        | 18            | 0                   
| Use of DRM               | 0        | 48            | 0                   
| Use of FLSIF             | 0        | 1             | 0                   
| Use of FUSECODE          | 0        | 1             | 0                   
| Use of HARD0N1           | 0        | 2745          | 0                   
| Use of HMEMC             | 0        | 2             | 0                   
| Use of IO                | 44       | 240           | 18                  
|   IOBD                   | 28       | 120           | 23                  
|   IOBR                   | 0        | 6             | 0                   
|   IOBS                   | 16       | 114           | 14                  
| Use of IOCKDIV           | 0        | 12            | 0                   
| Use of IOCKDLY           | 0        | 24            | 0                   
| Use of IOCKGATE          | 0        | 12            | 0                   
| Use of IOCKGMUX_TEST     | 0        | 12            | 0                   
| Use of IOL               | 44       | 240           | 18                  
| Use of IPAL              | 0        | 1             | 0                   
| Use of MFG_TEST          | 0        | 1             | 0                   
| Use of OSC               | 0        | 1             | 0                   
| Use of PLL               | 1        | 6             | 17                  
| Use of PREGMUX_TEST      | 0        | 6             | 0                   
| Use of RCKB              | 0        | 24            | 0                   
| Use of RCKBMUX_TEST      | 0        | 12            | 0                   
| Use of RESCAL            | 0        | 6             | 0                   
| Use of SCANCHAIN         | 0        | 4             | 0                   
| Use of START             | 1        | 1             | 100                 
| Use of UDID              | 0        | 1             | 0                   
| Use of USCM              | 4        | 20            | 20                  
| Use of USCMMUX_TEST      | 0        | 20            | 0                   
| Use of VCKBMUX_TEST      | 0        | 12            | 0                   
+----------------------------------------------------------------------------+

Finished routing. (CPU time elapsed 0h:02m:13s)
Design 'ws2812' has been placed and routed successfully.
Saving design to DB.
Action pnr: Real time elapsed is 143.000 sec
Action pnr: CPU time elapsed is 141.875 sec
Current time: Mon Nov  7 22:40:15 2022
Action pnr: Peak memory pool usage is 552,976,384 bytes
Finished placement and routing. (CPU time elapsed 0h:02m:14s)
