#Build: Fabric Compiler 2020.3-Lite, Build 71107, Mar 15 18:01 2021
#Install: D:\PDS2020_install\PDS_2020.3-Lite\bin
#Application name: pds_shell.exe
#OS: Windows 10 10.0.22000
#Hostname: LAPTOP-ILGRUGDG
Generated by Fabric Compiler (version 2020.3-Lite build 71107) at Wed Nov  9 16:21:36 2022
Compiling verification operator library.
Compiling common defs.
Loading technology operator library.
Compiling technology operator library.
Compiling technology operator (valence) library.
Compiling operator packing rules.
Compiling prim grid devices.
Compiling gate devices.
Compiling gate operators.
Compiling tech operator impls.
Building architecture model.
Loading device packaging model 'MBG324'.
I: Parameter configuration file D:/PDS2020_install/PDS_2020.3-Lite/code_success/Color_Lignt/Color_Lignt/testparam.txt cannot open.
Reading design from translate DB.
Flattening design 'ws2812'
Device mapping started.
Optimizing circuit logic.
Checking design netlist.
Processing tech operator.
Converting tech operator to gate operator.
Processing gate operator.
Device mapping done.
Total device mapping takes 2.671875 sec.

Device Utilization Summary:
+-------------------------------------------------------------------------+
| Logic Utilization     | Used     | Available     | Utilization(%)     
+-------------------------------------------------------------------------+
| APM                   | 0        | 30            | 0                   
| IOCKDLY               | 0        | 24            | 0                   
| FF                    | 7046     | 26304         | 27                  
| LUT                   | 3117     | 17536         | 18                  
| Distributed RAM       | 0        | 4440          | 0                   
| DLL                   | 0        | 6             | 0                   
| DQSL                  | 0        | 18            | 0                   
| DRM                   | 0        | 48            | 0                   
| FUSECODE              | 0        | 1             | 0                   
| IO                    | 44       | 240           | 19                  
| IOCKDIV               | 0        | 12            | 0                   
| IOCKGATE              | 0        | 12            | 0                   
| IPAL                  | 0        | 1             | 0                   
| PLL                   | 1        | 6             | 17                  
| RCKB                  | 0        | 24            | 0                   
| SCANCHAIN             | 0        | 4             | 0                   
| START                 | 0        | 1             | 0                   
| USCM                  | 3        | 20            | 15                  
| HMEMC                 | 0        | 2             | 0                   
| OSC                   | 0        | 1             | 0                   
| ADC                   | 0        | 1             | 0                   
| CRYSTAL               | 0        | 6             | 0                   
| FLSIF                 | 0        | 1             | 0                   
| RESCAL                | 0        | 6             | 0                   
| UDID                  | 0        | 1             | 0                   
+-------------------------------------------------------------------------+

Design 'ws2812' has been successfully mapped to architecture-specific objects.
Saving design to DB.
Action dev_map: Real time elapsed is 11.000 sec
Action dev_map: CPU time elapsed is 10.047 sec
Current time: Wed Nov  9 16:21:45 2022
Action dev_map: Peak memory pool usage is 269,492,224 bytes
