#Build: Fabric Compiler 2020.3-Lite, Build 71107, Mar 15 18:01 2021
#Install: D:\PDS2020_install\PDS_2020.3-Lite\bin
#Application name: pds_shell.exe
#OS: Windows 10 10.0.22000
#Hostname: LAPTOP-ILGRUGDG
Generated by Fabric Compiler (version 2020.3-Lite build 71107) at Wed Nov  9 16:21:48 2022
Compiling verification operator library.
Compiling common defs.
Compiling prim grid devices.
Compiling gate devices.
Compiling gate operators.
Building architecture model.
Loading device packaging model 'MBG324'.
I: Parameter configuration file D:/PDS2020_install/PDS_2020.3-Lite/code_success/Color_Lignt/Color_Lignt/testparam.txt cannot open.
Starting placement and routing flow. (CPU time elapsed 0h:00m:00s)
Reading design from devmap DB.
Building architecture floorplan logic view.
Executing : apply_constraint -f D:/PDS2020_install/PDS_2020.3-Lite/code_success/Color_Lignt/Color_Lignt/device_map/ws2812.pcf
Executing : def_port hdmi_scl -LOC R11 -IOSTANDARD LVCMOS33 -VCCIO 3.3 -DRIVE 4 -SLEW SLOW
Executing : def_port hdmi_scl -LOC R11 -IOSTANDARD LVCMOS33 -VCCIO 3.3 -DRIVE 4 -SLEW SLOW successfully.
Executing : def_port hdmi_sda -LOC P11 -IOSTANDARD LVCMOS33 -VCCIO 3.3 -DRIVE 4 -SLEW SLOW
Executing : def_port hdmi_sda -LOC P11 -IOSTANDARD LVCMOS33 -VCCIO 3.3 -DRIVE 4 -SLEW SLOW successfully.
Executing : def_port hdmi_in_nreset -LOC R13 -IOSTANDARD LVCMOS33 -VCCIO 3.3 -DRIVE 4 -SLEW SLOW
Executing : def_port hdmi_in_nreset -LOC R13 -IOSTANDARD LVCMOS33 -VCCIO 3.3 -DRIVE 4 -SLEW SLOW successfully.
Executing : def_port led -LOC G14 -IOSTANDARD LVCMOS33 -VCCIO 3.3 -DRIVE 4 -SLEW SLOW
Executing : def_port led -LOC G14 -IOSTANDARD LVCMOS33 -VCCIO 3.3 -DRIVE 4 -SLEW SLOW successfully.
Executing : def_port led_1 -LOC H14 -IOSTANDARD LVCMOS33 -VCCIO 3.3 -DRIVE 4 -SLEW SLOW
Executing : def_port led_1 -LOC H14 -IOSTANDARD LVCMOS33 -VCCIO 3.3 -DRIVE 4 -SLEW SLOW successfully.
Executing : def_port led_2 -LOC E17 -IOSTANDARD LVCMOS33 -VCCIO 3.3 -DRIVE 4 -SLEW SLOW
Executing : def_port led_2 -LOC E17 -IOSTANDARD LVCMOS33 -VCCIO 3.3 -DRIVE 4 -SLEW SLOW successfully.
Executing : def_port led_3 -LOC D18 -IOSTANDARD LVCMOS33 -VCCIO 3.3 -DRIVE 4 -SLEW SLOW
Executing : def_port led_3 -LOC D18 -IOSTANDARD LVCMOS33 -VCCIO 3.3 -DRIVE 4 -SLEW SLOW successfully.
Executing : def_port tmds_clk_n -LOC A16 -IOSTANDARD LVCMOS33 -VCCIO 3.3 -DRIVE 4 -SLEW SLOW
Executing : def_port tmds_clk_n -LOC A16 -IOSTANDARD LVCMOS33 -VCCIO 3.3 -DRIVE 4 -SLEW SLOW successfully.
Executing : def_port tmds_clk_p -LOC B16 -IOSTANDARD LVCMOS33 -VCCIO 3.3 -DRIVE 4 -SLEW SLOW
Executing : def_port tmds_clk_p -LOC B16 -IOSTANDARD LVCMOS33 -VCCIO 3.3 -DRIVE 4 -SLEW SLOW successfully.
Executing : def_port {tmds_data_n[0]} -LOC A14 -IOSTANDARD LVCMOS33 -VCCIO 3.3 -DRIVE 4 -SLEW SLOW
Executing : def_port {tmds_data_n[0]} -LOC A14 -IOSTANDARD LVCMOS33 -VCCIO 3.3 -DRIVE 4 -SLEW SLOW successfully.
Executing : def_port {tmds_data_n[1]} -LOC A11 -IOSTANDARD LVCMOS33 -VCCIO 3.3 -DRIVE 4 -SLEW SLOW
Executing : def_port {tmds_data_n[1]} -LOC A11 -IOSTANDARD LVCMOS33 -VCCIO 3.3 -DRIVE 4 -SLEW SLOW successfully.
Executing : def_port {tmds_data_n[2]} -LOC A10 -IOSTANDARD LVCMOS33 -VCCIO 3.3 -DRIVE 4 -SLEW SLOW
Executing : def_port {tmds_data_n[2]} -LOC A10 -IOSTANDARD LVCMOS33 -VCCIO 3.3 -DRIVE 4 -SLEW SLOW successfully.
Executing : def_port {tmds_data_p[0]} -LOC B14 -IOSTANDARD LVCMOS33 -VCCIO 3.3 -DRIVE 4 -SLEW SLOW
Executing : def_port {tmds_data_p[0]} -LOC B14 -IOSTANDARD LVCMOS33 -VCCIO 3.3 -DRIVE 4 -SLEW SLOW successfully.
Executing : def_port {tmds_data_p[1]} -LOC B11 -IOSTANDARD LVCMOS33 -VCCIO 3.3 -DRIVE 4 -SLEW SLOW
Executing : def_port {tmds_data_p[1]} -LOC B11 -IOSTANDARD LVCMOS33 -VCCIO 3.3 -DRIVE 4 -SLEW SLOW successfully.
Executing : def_port {tmds_data_p[2]} -LOC B10 -IOSTANDARD LVCMOS33 -VCCIO 3.3 -DRIVE 4 -SLEW SLOW
Executing : def_port {tmds_data_p[2]} -LOC B10 -IOSTANDARD LVCMOS33 -VCCIO 3.3 -DRIVE 4 -SLEW SLOW successfully.
Executing : def_port rst_n -LOC U12 -IOSTANDARD LVTTL33 -VCCIO 3.3
Executing : def_port rst_n -LOC U12 -IOSTANDARD LVTTL33 -VCCIO 3.3 successfully.
Executing : def_port sys_clk -LOC B5 -IOSTANDARD LVTTL33 -VCCIO 3.3
Executing : def_port sys_clk -LOC B5 -IOSTANDARD LVTTL33 -VCCIO 3.3 successfully.
Executing : def_port vin_clk -LOC N16 -IOSTANDARD LVTTL33 -VCCIO 3.3
C: ConstraintEditor-2001: [D:/PDS2020_install/PDS_2020.3-Lite/code_success/Color_Lignt/Color_Lignt/device_map/ws2812.pcf(line number: 20)] Object 'vin_clk' is dangling, which has no connection. it will be ignored.
Executing : def_port vin_clk -LOC N16 -IOSTANDARD LVTTL33 -VCCIO 3.3 successfully.
Executing : def_port {vin_data[0]} -LOC P18 -IOSTANDARD LVTTL33 -VCCIO 3.3
Executing : def_port {vin_data[0]} -LOC P18 -IOSTANDARD LVTTL33 -VCCIO 3.3 successfully.
Executing : def_port {vin_data[1]} -LOC L13 -IOSTANDARD LVTTL33 -VCCIO 3.3
Executing : def_port {vin_data[1]} -LOC L13 -IOSTANDARD LVTTL33 -VCCIO 3.3 successfully.
Executing : def_port {vin_data[2]} -LOC N15 -IOSTANDARD LVTTL33 -VCCIO 3.3
Executing : def_port {vin_data[2]} -LOC N15 -IOSTANDARD LVTTL33 -VCCIO 3.3 successfully.
Executing : def_port {vin_data[3]} -LOC L17 -IOSTANDARD LVTTL33 -VCCIO 3.3
Executing : def_port {vin_data[3]} -LOC L17 -IOSTANDARD LVTTL33 -VCCIO 3.3 successfully.
Executing : def_port {vin_data[4]} -LOC N18 -IOSTANDARD LVTTL33 -VCCIO 3.3
Executing : def_port {vin_data[4]} -LOC N18 -IOSTANDARD LVTTL33 -VCCIO 3.3 successfully.
Executing : def_port {vin_data[5]} -LOC L18 -IOSTANDARD LVTTL33 -VCCIO 3.3
Executing : def_port {vin_data[5]} -LOC L18 -IOSTANDARD LVTTL33 -VCCIO 3.3 successfully.
Executing : def_port {vin_data[6]} -LOC L14 -IOSTANDARD LVTTL33 -VCCIO 3.3
Executing : def_port {vin_data[6]} -LOC L14 -IOSTANDARD LVTTL33 -VCCIO 3.3 successfully.
Executing : def_port {vin_data[7]} -LOC L15 -IOSTANDARD LVTTL33 -VCCIO 3.3
Executing : def_port {vin_data[7]} -LOC L15 -IOSTANDARD LVTTL33 -VCCIO 3.3 successfully.
Executing : def_port {vin_data[8]} -LOC M13 -IOSTANDARD LVTTL33 -VCCIO 3.3
Executing : def_port {vin_data[8]} -LOC M13 -IOSTANDARD LVTTL33 -VCCIO 3.3 successfully.
Executing : def_port {vin_data[9]} -LOC M14 -IOSTANDARD LVTTL33 -VCCIO 3.3
Executing : def_port {vin_data[9]} -LOC M14 -IOSTANDARD LVTTL33 -VCCIO 3.3 successfully.
Executing : def_port {vin_data[10]} -LOC U17 -IOSTANDARD LVTTL33 -VCCIO 3.3
Executing : def_port {vin_data[10]} -LOC U17 -IOSTANDARD LVTTL33 -VCCIO 3.3 successfully.
Executing : def_port {vin_data[11]} -LOC U18 -IOSTANDARD LVTTL33 -VCCIO 3.3
Executing : def_port {vin_data[11]} -LOC U18 -IOSTANDARD LVTTL33 -VCCIO 3.3 successfully.
Executing : def_port {vin_data[12]} -LOC T17 -IOSTANDARD LVTTL33 -VCCIO 3.3
Executing : def_port {vin_data[12]} -LOC T17 -IOSTANDARD LVTTL33 -VCCIO 3.3 successfully.
Executing : def_port {vin_data[13]} -LOC T18 -IOSTANDARD LVTTL33 -VCCIO 3.3
Executing : def_port {vin_data[13]} -LOC T18 -IOSTANDARD LVTTL33 -VCCIO 3.3 successfully.
Executing : def_port {vin_data[14]} -LOC V17 -IOSTANDARD LVTTL33 -VCCIO 3.3
Executing : def_port {vin_data[14]} -LOC V17 -IOSTANDARD LVTTL33 -VCCIO 3.3 successfully.
Executing : def_port {vin_data[15]} -LOC V18 -IOSTANDARD LVTTL33 -VCCIO 3.3
Executing : def_port {vin_data[15]} -LOC V18 -IOSTANDARD LVTTL33 -VCCIO 3.3 successfully.
Executing : def_port {vin_data[16]} -LOC V16 -IOSTANDARD LVTTL33 -VCCIO 3.3
Executing : def_port {vin_data[16]} -LOC V16 -IOSTANDARD LVTTL33 -VCCIO 3.3 successfully.
Executing : def_port {vin_data[17]} -LOC U16 -IOSTANDARD LVTTL33 -VCCIO 3.3
Executing : def_port {vin_data[17]} -LOC U16 -IOSTANDARD LVTTL33 -VCCIO 3.3 successfully.
Executing : def_port {vin_data[18]} -LOC R16 -IOSTANDARD LVTTL33 -VCCIO 3.3
Executing : def_port {vin_data[18]} -LOC R16 -IOSTANDARD LVTTL33 -VCCIO 3.3 successfully.
Executing : def_port {vin_data[19]} -LOC T16 -IOSTANDARD LVTTL33 -VCCIO 3.3
Executing : def_port {vin_data[19]} -LOC T16 -IOSTANDARD LVTTL33 -VCCIO 3.3 successfully.
Executing : def_port {vin_data[20]} -LOC R14 -IOSTANDARD LVTTL33 -VCCIO 3.3
Executing : def_port {vin_data[20]} -LOC R14 -IOSTANDARD LVTTL33 -VCCIO 3.3 successfully.
Executing : def_port {vin_data[21]} -LOC R15 -IOSTANDARD LVTTL33 -VCCIO 3.3
Executing : def_port {vin_data[21]} -LOC R15 -IOSTANDARD LVTTL33 -VCCIO 3.3 successfully.
Executing : def_port {vin_data[22]} -LOC P14 -IOSTANDARD LVTTL33 -VCCIO 3.3
Executing : def_port {vin_data[22]} -LOC P14 -IOSTANDARD LVTTL33 -VCCIO 3.3 successfully.
Executing : def_port {vin_data[23]} -LOC P13 -IOSTANDARD LVTTL33 -VCCIO 3.3
Executing : def_port {vin_data[23]} -LOC P13 -IOSTANDARD LVTTL33 -VCCIO 3.3 successfully.
Executing : def_port vin_de -LOC R17 -IOSTANDARD LVTTL33 -VCCIO 3.3
Executing : def_port vin_de -LOC R17 -IOSTANDARD LVTTL33 -VCCIO 3.3 successfully.
Executing : def_port vin_hs -LOC R18 -IOSTANDARD LVTTL33 -VCCIO 3.3
Executing : def_port vin_hs -LOC R18 -IOSTANDARD LVTTL33 -VCCIO 3.3 successfully.
Executing : def_port vin_vs -LOC N14 -IOSTANDARD LVTTL33 -VCCIO 3.3
Executing : def_port vin_vs -LOC N14 -IOSTANDARD LVTTL33 -VCCIO 3.3 successfully.
Executing : apply_constraint -f D:/PDS2020_install/PDS_2020.3-Lite/code_success/Color_Lignt/Color_Lignt/device_map/ws2812.pcf successfully.

Placement started.
Mapping instance clk_generate_m0/u_pll_e1/goppll to PLL_82_319.
Mapping instance video_clkbufg/gopclkbufg to USCM_74_104.
Mapping instance sys_clkbufg/gopclkbufg to USCM_74_105.
Mapping instance video_clk5xbufg/gopclkbufg to USCM_74_106.
Pre global placement takes 9.77 sec.
Run super clustering :
	Initial slack 990526.
	2 iterations finished.
	Final slack 991541.
Super clustering done.
Design Utilization : 34%.
Global placement takes 7.88 sec.
Wirelength after global placement is 82969.
Placed fixed instance clk_generate_m0/u_pll_e1/goppll on PLL_82_319.
Placed fixed group with base inst dvi_encoder_m0/serdes_4b_10to1_m0/gtp_outbuft0/opit_1_IOL on IOL_151_298.
Placed fixed group with base inst dvi_encoder_m0/serdes_4b_10to1_m0/gtp_outbuft1/opit_1_IOL on IOL_151_350.
Placed fixed group with base inst dvi_encoder_m0/serdes_4b_10to1_m0/gtp_outbuft2/opit_1_IOL on IOL_151_338.
Placed fixed group with base inst dvi_encoder_m0/serdes_4b_10to1_m0/gtp_outbuft3/opit_1_IOL on IOL_151_322.
Placed fixed group with base inst dvi_encoder_m0/serdes_4b_10to1_m0/gtp_outbuft4/opit_1_IOL on IOL_151_297.
Placed fixed group with base inst dvi_encoder_m0/serdes_4b_10to1_m0/gtp_outbuft5/opit_1_IOL on IOL_151_349.
Placed fixed group with base inst dvi_encoder_m0/serdes_4b_10to1_m0/gtp_outbuft6/opit_1_IOL on IOL_151_337.
Placed fixed group with base inst dvi_encoder_m0/serdes_4b_10to1_m0/gtp_outbuft7/opit_1_IOL on IOL_151_321.
Placed fixed group with base inst hdmi_in_nreset_obuf/opit_1 on IOL_151_14.
Placed fixed group with base inst i2c_config_m0.i2c_scl_tri/opit_1 on IOL_151_90.
Placed fixed group with base inst i2c_config_m0.i2c_sda_tri/opit_1 on IOL_151_86.
Placed fixed group with base inst led_1_obuf/opit_1 on IOL_151_226.
Placed fixed group with base inst led_2_obuf/opit_1 on IOL_151_253.
Placed fixed group with base inst led_3_obuf/opit_1 on IOL_151_258.
Placed fixed group with base inst led_obuf/opit_1 on IOL_151_234.
Placed fixed group with base inst rst_n_ibuf/opit_1 on IOL_151_106.
Placed fixed group with base inst sys_clk_ibuf/opit_1 on IOL_7_298.
Placed fixed instance sys_clkbufg/gopclkbufg on USCM_74_105.
Placed fixed instance video_clk5xbufg/gopclkbufg on USCM_74_106.
Placed fixed instance video_clkbufg/gopclkbufg on USCM_74_104.
Placed fixed group with base inst vin_data_ibuf[0]/opit_1 on IOL_151_45.
Placed fixed group with base inst vin_data_ibuf[1]/opit_1 on IOL_151_162.
Placed fixed group with base inst vin_data_ibuf[2]/opit_1 on IOL_151_134.
Placed fixed group with base inst vin_data_ibuf[3]/opit_1 on IOL_151_165.
Placed fixed group with base inst vin_data_ibuf[4]/opit_1 on IOL_151_138.
Placed fixed group with base inst vin_data_ibuf[5]/opit_1 on IOL_151_166.
Placed fixed group with base inst vin_data_ibuf[6]/opit_1 on IOL_151_129.
Placed fixed group with base inst vin_data_ibuf[7]/opit_1 on IOL_151_130.
Placed fixed group with base inst vin_data_ibuf[8]/opit_1 on IOL_151_146.
Placed fixed group with base inst vin_data_ibuf[9]/opit_1 on IOL_151_145.
Placed fixed group with base inst vin_data_ibuf[10]/opit_1 on IOL_151_77.
Placed fixed group with base inst vin_data_ibuf[11]/opit_1 on IOL_151_78.
Placed fixed group with base inst vin_data_ibuf[12]/opit_1 on IOL_151_73.
Placed fixed group with base inst vin_data_ibuf[13]/opit_1 on IOL_151_74.
Placed fixed group with base inst vin_data_ibuf[14]/opit_1 on IOL_151_81.
Placed fixed group with base inst vin_data_ibuf[15]/opit_1 on IOL_151_82.
Placed fixed group with base inst vin_data_ibuf[16]/opit_1 on IOL_151_22.
Placed fixed group with base inst vin_data_ibuf[17]/opit_1 on IOL_151_21.
Placed fixed group with base inst vin_data_ibuf[18]/opit_1 on IOL_151_42.
Placed fixed group with base inst vin_data_ibuf[19]/opit_1 on IOL_151_41.
Placed fixed group with base inst vin_data_ibuf[20]/opit_1 on IOL_151_18.
Placed fixed group with base inst vin_data_ibuf[21]/opit_1 on IOL_151_17.
Placed fixed group with base inst vin_data_ibuf[22]/opit_1 on IOL_151_9.
Placed fixed group with base inst vin_data_ibuf[23]/opit_1 on IOL_151_10.
Placed fixed group with base inst vin_de_ibuf/opit_1 on IOL_151_50.
Placed fixed group with base inst vin_hs_ibuf/opit_1 on IOL_151_49.
Placed fixed group with base inst vin_vs_ibuf/opit_1 on IOL_151_5.
Placed fixed instance BKCL_auto_0 on BKCL_2_268.
Placed fixed instance BKCL_auto_1 on BKCL_154_268.
Placed fixed instance BKCL_auto_2 on BKCL_154_144.
Placed fixed instance BKCL_auto_3 on BKCL_154_20.
Wirelength after Macro cell placement is 82969.
Macro cell placement takes 0.00 sec.
Run super clustering :
	Initial slack 990522.
	2 iterations finished.
	Final slack 991541.
Super clustering done.
Design Utilization : 34%.
Wirelength after post global placement is 97035.
Post global placement takes 9.13 sec.
Wirelength after legalization is 103721.
Legalization takes 3.27 sec.
Worst slack before Replication Place is 991406.
Wirelength after replication placement is 103721.
Legalized cost 991406.000000.
The detailed placement ends at 11th iteration.
Wirelength after detailed placement is 104333.
Timing-driven detailed placement takes 8.80 sec.
Placement done.
Total placement takes 43.11 sec.
Finished placement. (CPU time elapsed 0h:00m:44s)

Routing started.
Building routing graph takes 2.56 sec.
Worst slack is 991834.
Processing design graph takes 0.83 sec.
Total memory for routing:
	50.769093 M.
Total nets for routing : 8802.
Rcf routing step 1 processed 0 nets, it takes 0.00 sec.
Rcf routing step 2 processed 0 nets, it takes 0.00 sec.
Rcf routing step 3 processed 0 nets, it takes 0.00 sec.
Global Routing step 1 processed 0 nets, it takes 0.06 sec.
Global Routing step 2 processed 0 nets, it takes 0.06 sec.
Unrouted nets 363 at the end of iteration 0.
Unrouted nets 307 at the end of iteration 1.
Unrouted nets 247 at the end of iteration 2.
Unrouted nets 212 at the end of iteration 3.
Unrouted nets 166 at the end of iteration 4.
Unrouted nets 155 at the end of iteration 5.
Unrouted nets 139 at the end of iteration 6.
Unrouted nets 109 at the end of iteration 7.
Unrouted nets 105 at the end of iteration 8.
Unrouted nets 98 at the end of iteration 9.
Unrouted nets 73 at the end of iteration 10.
Unrouted nets 70 at the end of iteration 11.
Unrouted nets 73 at the end of iteration 12.
Unrouted nets 74 at the end of iteration 13.
Unrouted nets 82 at the end of iteration 14.
Unrouted nets 66 at the end of iteration 15.
Unrouted nets 45 at the end of iteration 16.
Unrouted nets 32 at the end of iteration 17.
Unrouted nets 20 at the end of iteration 18.
Unrouted nets 14 at the end of iteration 19.
Unrouted nets 22 at the end of iteration 20.
Unrouted nets 19 at the end of iteration 21.
Unrouted nets 16 at the end of iteration 22.
Unrouted nets 6 at the end of iteration 23.
Unrouted nets 5 at the end of iteration 24.
Unrouted nets 6 at the end of iteration 25.
Unrouted nets 5 at the end of iteration 26.
Unrouted nets 2 at the end of iteration 27.
Unrouted nets 2 at the end of iteration 28.
Unrouted nets 0 at the end of iteration 29.
Global Routing step 3 processed 474 nets, it takes 20.89 sec.
Global routing takes 21.05 sec.
Total 12458 subnets.
    forward max bucket size 360 , backward 250.
        Unrouted nets 9849 at the end of iteration 0.
    route iteration 0, CPU time elapsed 7.750000 sec.
    forward max bucket size 447 , backward 422.
        Unrouted nets 7901 at the end of iteration 1.
    route iteration 1, CPU time elapsed 8.156250 sec.
    forward max bucket size 480 , backward 753.
        Unrouted nets 6564 at the end of iteration 2.
    route iteration 2, CPU time elapsed 4.578125 sec.
    forward max bucket size 884 , backward 1147.
        Unrouted nets 5531 at the end of iteration 3.
    route iteration 3, CPU time elapsed 2.968750 sec.
    forward max bucket size 1130 , backward 841.
        Unrouted nets 4674 at the end of iteration 4.
    route iteration 4, CPU time elapsed 3.078125 sec.
    forward max bucket size 1044 , backward 1026.
        Unrouted nets 3989 at the end of iteration 5.
    route iteration 5, CPU time elapsed 2.921875 sec.
    forward max bucket size 1576 , backward 910.
        Unrouted nets 4026 at the end of iteration 6.
    route iteration 6, CPU time elapsed 2.390625 sec.
    forward max bucket size 1210 , backward 980.
        Unrouted nets 3661 at the end of iteration 7.
    route iteration 7, CPU time elapsed 2.765625 sec.
    forward max bucket size 1433 , backward 910.
        Unrouted nets 3096 at the end of iteration 8.
    route iteration 8, CPU time elapsed 2.437500 sec.
    forward max bucket size 1188 , backward 824.
        Unrouted nets 2682 at the end of iteration 9.
    route iteration 9, CPU time elapsed 1.859375 sec.
    forward max bucket size 1740 , backward 844.
        Unrouted nets 2242 at the end of iteration 10.
    route iteration 10, CPU time elapsed 1.562500 sec.
    forward max bucket size 1537 , backward 707.
        Unrouted nets 1813 at the end of iteration 11.
    route iteration 11, CPU time elapsed 1.343750 sec.
    forward max bucket size 1708 , backward 765.
        Unrouted nets 1432 at the end of iteration 12.
    route iteration 12, CPU time elapsed 1.218750 sec.
    forward max bucket size 996 , backward 875.
        Unrouted nets 1118 at the end of iteration 13.
    route iteration 13, CPU time elapsed 1.203125 sec.
    forward max bucket size 1234 , backward 624.
        Unrouted nets 939 at the end of iteration 14.
    route iteration 14, CPU time elapsed 0.875000 sec.
    forward max bucket size 1039 , backward 897.
        Unrouted nets 829 at the end of iteration 15.
    route iteration 15, CPU time elapsed 0.656250 sec.
    forward max bucket size 1130 , backward 925.
        Unrouted nets 705 at the end of iteration 16.
    route iteration 16, CPU time elapsed 0.609375 sec.
    forward max bucket size 813 , backward 715.
        Unrouted nets 584 at the end of iteration 17.
    route iteration 17, CPU time elapsed 0.546875 sec.
    forward max bucket size 1036 , backward 1115.
        Unrouted nets 519 at the end of iteration 18.
    route iteration 18, CPU time elapsed 0.484375 sec.
    forward max bucket size 1121 , backward 575.
        Unrouted nets 460 at the end of iteration 19.
    route iteration 19, CPU time elapsed 0.421875 sec.
    forward max bucket size 795 , backward 840.
        Unrouted nets 385 at the end of iteration 20.
    route iteration 20, CPU time elapsed 0.343750 sec.
    forward max bucket size 851 , backward 702.
        Unrouted nets 303 at the end of iteration 21.
    route iteration 21, CPU time elapsed 0.343750 sec.
    forward max bucket size 676 , backward 761.
        Unrouted nets 254 at the end of iteration 22.
    route iteration 22, CPU time elapsed 0.265625 sec.
    forward max bucket size 1378 , backward 1026.
        Unrouted nets 225 at the end of iteration 23.
    route iteration 23, CPU time elapsed 0.234375 sec.
    forward max bucket size 525 , backward 400.
        Unrouted nets 180 at the end of iteration 24.
    route iteration 24, CPU time elapsed 0.187500 sec.
    forward max bucket size 431 , backward 357.
        Unrouted nets 144 at the end of iteration 25.
    route iteration 25, CPU time elapsed 0.203125 sec.
    forward max bucket size 353 , backward 361.
        Unrouted nets 134 at the end of iteration 26.
    route iteration 26, CPU time elapsed 0.187500 sec.
    forward max bucket size 936 , backward 361.
        Unrouted nets 110 at the end of iteration 27.
    route iteration 27, CPU time elapsed 0.156250 sec.
    forward max bucket size 476 , backward 566.
        Unrouted nets 101 at the end of iteration 28.
    route iteration 28, CPU time elapsed 0.140625 sec.
    forward max bucket size 486 , backward 329.
        Unrouted nets 76 at the end of iteration 29.
    route iteration 29, CPU time elapsed 0.125000 sec.
    forward max bucket size 154 , backward 207.
        Unrouted nets 63 at the end of iteration 30.
    route iteration 30, CPU time elapsed 0.140625 sec.
    forward max bucket size 170 , backward 221.
        Unrouted nets 59 at the end of iteration 31.
    route iteration 31, CPU time elapsed 0.093750 sec.
    forward max bucket size 124 , backward 126.
        Unrouted nets 48 at the end of iteration 32.
    route iteration 32, CPU time elapsed 0.109375 sec.
    forward max bucket size 128 , backward 126.
        Unrouted nets 35 at the end of iteration 33.
    route iteration 33, CPU time elapsed 0.125000 sec.
    forward max bucket size 89 , backward 94.
        Unrouted nets 31 at the end of iteration 34.
    route iteration 34, CPU time elapsed 0.093750 sec.
    forward max bucket size 108 , backward 67.
        Unrouted nets 24 at the end of iteration 35.
    route iteration 35, CPU time elapsed 0.093750 sec.
    forward max bucket size 69 , backward 174.
        Unrouted nets 19 at the end of iteration 36.
    route iteration 36, CPU time elapsed 0.062500 sec.
    forward max bucket size 172 , backward 92.
        Unrouted nets 22 at the end of iteration 37.
    route iteration 37, CPU time elapsed 0.078125 sec.
    forward max bucket size 101 , backward 245.
        Unrouted nets 25 at the end of iteration 38.
    route iteration 38, CPU time elapsed 0.078125 sec.
    forward max bucket size 47 , backward 117.
        Unrouted nets 19 at the end of iteration 39.
    route iteration 39, CPU time elapsed 0.078125 sec.
    forward max bucket size 69 , backward 152.
        Unrouted nets 17 at the end of iteration 40.
    route iteration 40, CPU time elapsed 0.062500 sec.
    forward max bucket size 61 , backward 57.
        Unrouted nets 10 at the end of iteration 41.
    route iteration 41, CPU time elapsed 0.078125 sec.
    forward max bucket size 68 , backward 63.
        Unrouted nets 12 at the end of iteration 42.
    route iteration 42, CPU time elapsed 0.078125 sec.
    forward max bucket size 20 , backward 21.
        Unrouted nets 5 at the end of iteration 43.
    route iteration 43, CPU time elapsed 0.062500 sec.
    forward max bucket size 25 , backward 30.
        Unrouted nets 2 at the end of iteration 44.
    route iteration 44, CPU time elapsed 0.062500 sec.
    forward max bucket size 63 , backward 111.
        Unrouted nets 2 at the end of iteration 45.
    route iteration 45, CPU time elapsed 0.062500 sec.
    forward max bucket size 10 , backward 7.
        Unrouted nets 0 at the end of iteration 46.
    route iteration 46, CPU time elapsed 0.062500 sec.
Detailed routing takes 52.72 sec.

Dispose routing result:
    Collect routing result.
    Delete unused device instances.
    Annotate routing result.
    Change LUT configuration.
    Dispose misc instances.
    Annotate routing result again.
Finish routing takes 1.70 sec.
Used srb routing arc is 112803.
Cleanup routing takes 0.09 sec.
Routing done.
Total routing takes 83.38 sec.


Device Utilization Summary :
+----------------------------------------------------------------------------+
| Logic Utilization        | Used     | Available     | Utilization(%)     
+----------------------------------------------------------------------------+
| Use of ADC               | 0        | 1             | 0                   
| Use of APM               | 0        | 30            | 0                   
| Use of BKCL              | 4        | 6             | 67                  
| Use of CLMA              | 2931     | 3274          | 90                  
|   FF                     | 5219     | 19644         | 27                  
|   LUT                    | 2367     | 13096         | 18                  
|   LUT-FF pairs           | 212      | 13096         | 2                   
| Use of CLMS              | 989      | 1110          | 89                  
|   FF                     | 1827     | 6660          | 27                  
|   LUT                    | 796      | 4440          | 18                  
|   LUT-FF pairs           | 77       | 4440          | 2                   
|   Distributed RAM        | 0        | 4440          | 0                   
| Use of CRYSTAL           | 0        | 6             | 0                   
| Use of DLL               | 0        | 6             | 0                   
| Use of DQSL              | 0        | 18            | 0                   
| Use of DRM               | 0        | 48            | 0                   
| Use of FLSIF             | 0        | 1             | 0                   
| Use of FUSECODE          | 0        | 1             | 0                   
| Use of HARD0N1           | 0        | 2745          | 0                   
| Use of HMEMC             | 0        | 2             | 0                   
| Use of IO                | 44       | 240           | 18                  
|   IOBD                   | 26       | 120           | 22                  
|   IOBR                   | 0        | 6             | 0                   
|   IOBS                   | 18       | 114           | 16                  
| Use of IOCKDIV           | 0        | 12            | 0                   
| Use of IOCKDLY           | 0        | 24            | 0                   
| Use of IOCKGATE          | 0        | 12            | 0                   
| Use of IOCKGMUX_TEST     | 0        | 12            | 0                   
| Use of IOL               | 44       | 240           | 18                  
| Use of IPAL              | 0        | 1             | 0                   
| Use of MFG_TEST          | 0        | 1             | 0                   
| Use of OSC               | 0        | 1             | 0                   
| Use of PLL               | 1        | 6             | 17                  
| Use of PREGMUX_TEST      | 0        | 6             | 0                   
| Use of RCKB              | 0        | 24            | 0                   
| Use of RCKBMUX_TEST      | 0        | 12            | 0                   
| Use of RESCAL            | 0        | 6             | 0                   
| Use of SCANCHAIN         | 0        | 4             | 0                   
| Use of START             | 1        | 1             | 100                 
| Use of UDID              | 0        | 1             | 0                   
| Use of USCM              | 3        | 20            | 15                  
| Use of USCMMUX_TEST      | 0        | 20            | 0                   
| Use of VCKBMUX_TEST      | 0        | 12            | 0                   
+----------------------------------------------------------------------------+

Finished routing. (CPU time elapsed 0h:02m:08s)
Design 'ws2812' has been placed and routed successfully.
Saving design to DB.
Action pnr: Real time elapsed is 137.000 sec
Action pnr: CPU time elapsed is 135.641 sec
Current time: Wed Nov  9 16:24:02 2022
Action pnr: Peak memory pool usage is 562,896,896 bytes
Finished placement and routing. (CPU time elapsed 0h:02m:09s)
